Start reading and get iterators 
NoamOpt (
Parameter Group 0
    amsgrad: False
    betas: (0.9, 0.98)
    eps: 1e-08
    lr: 0
    weight_decay: 0
)
CELoss()
{'N': 6,
 '_training': True,
 'batchsize': 128,
 'beamsize': 4,
 'ckpt_path': PosixPath('trained_models'),
 'd_ff': 2048,
 'd_model': 512,
 'dataroot': PosixPath('data'),
 'debug': False,
 'device': 'cuda',
 'dropout': 0.3,
 'dropout_tr': 0.1,
 'eps': 1e-08,
 'factor': 0.5,
 'factor_tr': 4,
 'h': 8,
 'hidden_size': 256,
 'learning_rate': 0.001,
 'log_cmd': False,
 'log_path': 'log/seq2seq_optim_adam_0.001_ep50_d1109_t0416',
 'lr_tr': 0,
 'lrschedule': 'noam',
 'max_epoch': 100,
 'max_epochs': 50,
 'metrics': ['bleu', 'meteor', 'cider', 'rouge'],
 'min_lr': 1e-07,
 'mode': 'min',
 'model': 'seq2seq',
 'optimizer': 'adam',
 'patience': 2,
 'pretrained_ep': -1,
 'save_every': 4,
 'threshold': 0.0005,
 'threshold_mode': 'rel',
 'warmup': 6900,
 'word_drop': 0.05}
SOS, EOS, PAD tokens are as follows: (660, 661, 659)
MAX and MIN tokens = 658, 0
epoch: 1  completed
greedy: tensor([213, 469, 122, 642, 521, 442, 139, 625, 620, 151,  62, 354,  48, 430,
        581, 591, 178, 521, 166,  22,  17, 162,  72,  62, 354, 365, 153, 643,
        589, 118, 118, 449, 534, 608, 373, 521, 347, 165, 495, 372, 166, 228,
        456, 593, 464, 394, 301, 319, 319, 319, 319, 260, 183, 222, 220, 501,
        561, 404, 576, 494], device='cuda:0')
beam: tensor([[452, 491, 531,  69, 597, 197, 570, 580, 463,  59, 520, 619, 277,   6,
         383, 572, 649, 221, 115,  45, 487,  28, 617, 162, 475, 361, 384, 384,
         482, 283,  26, 490, 490, 114, 440, 417, 511, 661, 531,  69, 452, 442,
         344,  79, 392, 625, 620, 625, 620, 540,  48,  48, 541, 608, 607, 591,
         178, 297, 297, 567, 118, 468, 305, 418, 470, 470, 470, 470, 550, 517,
         517, 480, 329, 189, 213, 489, 451,  62, 540, 463, 517, 438, 641, 591,
         616, 231, 548, 548, 132, 296, 522, 522,  51, 499, 499, 256, 288, 591,
         218, 293]], device='cuda:0')
epoch: 2  completed
greedy: tensor([213, 469, 472, 472, 472, 472, 472, 472, 472, 472, 472, 472, 278, 181,
        183, 222, 661, 661, 661, 661, 661, 661, 661, 661, 661, 661, 661, 661,
        661, 661, 661, 661, 661, 661, 661, 661, 661, 661, 661, 661, 661, 661,
        661, 661, 661, 661, 661, 661, 661, 661, 661, 661, 661, 661, 661, 661,
        661, 661, 661, 661], device='cuda:0')
beam: tensor([[452,  68,  68,  68,  68,  68,  68,  68,  68,  68,  68,  68,  68,  68,
          68,  68,  68,  68,  68,  68,  68,  68,  68,  68,  68,  68,  68,  68,
          68,  68,  68,  68,  68,  68,  68,  68,  68,  68,  68,  68,  68,  68,
          68,  68,  68,  68,  68,  68,  68,  68,  68,  68,  68,  68,  68,  68,
          68,  68,  68,  68,  68,  68,  68,  68,  68,  68,  68,  68,  68,  68,
          68,  68,  68,  68,  68,  68,  68,  68,  68,  68,  68,  68,  68,  68,
          68,  68,  68,  68,  68,  68,  68,  68,  68,  68,  68,  68,  68,  68,
          68,  68]], device='cuda:0')
epoch: 3  completed
greedy: tensor([488, 531,  69, 597, 452, 385, 385, 598, 384, 384,  26, 490, 490, 490,
        490, 608, 633, 633, 506, 561, 561, 159, 216, 497, 402, 403, 591, 591,
        178, 521, 166, 172, 197, 570, 593, 464, 394, 301, 319, 319, 319, 319,
        260, 183, 222, 661, 661, 661, 661, 661, 661, 661, 661, 661, 661, 661,
        661, 661, 661, 661], device='cuda:0')
beam: tensor([[213,  68,  68,  68,  68,  68,  68,  68,  68,  68,  68,  68,  68,  68,
          68,  68,  68,  68,  68,  68,  68,  68,  68,  68,  68,  68,  68,  68,
          68,  68,  68,  68,  68,  68,  68,  68,  68,  68,  68,  68,  68,  68,
          68,  68,  68,  68,  68,  68,  68,  68,  68,  68,  68,  68,  68,  68,
          68,  68,  68,  68,  68,  68,  68,  68,  68,  68,  68,  68,  68,  68,
          68,  68,  68,  68,  68,  68,  68,  68,  68,  68,  68,  68,  68,  68,
          68,  68,  68,  68,  68,  68,  68,  68,  68,  68,  68,  68,  68,  68,
          68,  68]], device='cuda:0')
epoch: 4  completed
greedy: tensor([660, 660, 660, 126, 361, 361, 107, 107, 107, 517, 517, 517, 517, 517,
        517, 517, 517, 517, 517, 517, 517, 517, 517, 517, 517, 517, 517, 517,
        517, 517, 517, 517, 517, 517, 517, 517, 517, 517, 517, 517, 517, 517,
        517, 517, 517, 517, 517, 517, 517, 517, 517, 517, 517, 517, 517, 517,
        517, 517, 517, 517], device='cuda:0')
beam: tensor([[488,  68,  68,  68,  68,  68,  68,  68,  68,  68,  68,  68,  68,  68,
          68,  68,  68,  68,  68,  68,  68,  68,  68,  68,  68,  68,  68,  68,
          68,  68,  68,  68,  68,  68,  68,  68,  68,  68,  68,  68,  68,  68,
          68,  68,  68,  68,  68,  68,  68,  68,  68,  68,  68,  68,  68,  68,
          68,  68,  68,  68,  68,  68,  68,  68,  68,  68,  68,  68,  68,  68,
          68,  68,  68,  68,  68,  68,  68,  68,  68,  68,  68,  68,  68,  68,
          68,  68,  68,  68,  68,  68,  68,  68,  68,  68,  68,  68,  68,  68,
          68,  68]], device='cuda:0')
saving epoch 4
>>> Saving MODEL and VOCAB @ trained_models/seq2seq/seq2seq_optim_adam_0.001_ep50_d1109_t0416/ep.4_loss.4.2193.pth <<<
epoch: 5  completed
greedy: tensor([660, 660, 660, 660, 660, 660, 660, 660, 660, 660, 660, 660, 660, 660,
        660, 660, 660, 660, 660, 660, 660, 660, 660, 660, 660, 660, 660, 660,
        660, 660, 660, 660, 660, 660, 660, 660, 660, 660, 660, 660, 660, 660,
        660, 660, 660, 660, 660, 660, 660, 660, 660, 660, 660, 660, 660, 660,
        660, 660, 660, 660], device='cuda:0')
beam: tensor([[68, 68, 68, 68, 68, 68, 68, 68, 68, 68, 68, 68, 68, 68, 68, 68, 68, 68,
         68, 68, 68, 68, 68, 68, 68, 68, 68, 68, 68, 68, 68, 68, 68, 68, 68, 68,
         68, 68, 68, 68, 68, 68, 68, 68, 68, 68, 68, 68, 68, 68, 68, 68, 68, 68,
         68, 68, 68, 68, 68, 68, 68, 68, 68, 68, 68, 68, 68, 68, 68, 68, 68, 68,
         68, 68, 68, 68, 68, 68, 68, 68, 68, 68, 68, 68, 68, 68, 68, 68, 68, 68,
         68, 68, 68, 68, 68, 68, 68, 68, 68, 68]], device='cuda:0')
epoch: 6  completed
greedy: tensor([660, 660, 660, 660, 660, 660, 660, 660, 660, 660, 660, 660, 660, 660,
        660, 660, 660, 660, 660, 660, 660, 660, 660, 660, 660, 660, 660, 660,
        660, 660, 660, 660, 660, 660, 660, 660, 660, 660, 660, 660, 660, 660,
        660, 660, 660, 660, 660, 660, 660, 660, 660, 660, 660, 660, 660, 660,
        660, 660, 660, 660], device='cuda:0')
beam: tensor([[68, 68, 68, 68, 68, 68, 68, 68, 68, 68, 68, 68, 68, 68, 68, 68, 68, 68,
         68, 68, 68, 68, 68, 68, 68, 68, 68, 68, 68, 68, 68, 68, 68, 68, 68, 68,
         68, 68, 68, 68, 68, 68, 68, 68, 68, 68, 68, 68, 68, 68, 68, 68, 68, 68,
         68, 68, 68, 68, 68, 68, 68, 68, 68, 68, 68, 68, 68, 68, 68, 68, 68, 68,
         68, 68, 68, 68, 68, 68, 68, 68, 68, 68, 68, 68, 68, 68, 68, 68, 68, 68,
         68, 68, 68, 68, 68, 68, 68, 68, 68, 68]], device='cuda:0')
epoch: 7  completed
greedy: tensor([660, 660, 660, 660, 660, 660, 660, 660, 660, 660, 660, 660, 660, 660,
        660, 660, 660, 660, 660, 660, 660, 660, 660, 660, 660, 660, 660, 660,
        660, 660, 660, 660, 660, 660, 660, 660, 660, 660, 660, 660, 660, 660,
        660, 660, 660, 660, 660, 660, 660, 660, 660, 660, 660, 660, 660, 660,
        660, 660, 660, 660], device='cuda:0')
beam: tensor([[68, 68, 68, 68, 68, 68, 68, 68, 68, 68, 68, 68, 68, 68, 68, 68, 68, 68,
         68, 68, 68, 68, 68, 68, 68, 68, 68, 68, 68, 68, 68, 68, 68, 68, 68, 68,
         68, 68, 68, 68, 68, 68, 68, 68, 68, 68, 68, 68, 68, 68, 68, 68, 68, 68,
         68, 68, 68, 68, 68, 68, 68, 68, 68, 68, 68, 68, 68, 68, 68, 68, 68, 68,
         68, 68, 68, 68, 68, 68, 68, 68, 68, 68, 68, 68, 68, 68, 68, 68, 68, 68,
         68, 68, 68, 68, 68, 68, 68, 68, 68, 68]], device='cuda:0')
epoch: 8  completed
greedy: tensor([660, 660, 660, 660, 660, 660, 660, 660, 660, 660, 660, 660, 660, 660,
        660, 660, 660, 660, 660, 660, 660, 660, 660, 660, 660, 660, 660, 660,
        660, 660, 660, 660, 660, 660, 660, 660, 660, 660, 660, 660, 660, 660,
        660, 660, 660, 660, 660, 660, 660, 660, 660, 660, 660, 660, 660, 660,
        660, 660, 660, 660], device='cuda:0')
beam: tensor([[68, 68, 68, 68, 68, 68, 68, 68, 68, 68, 68, 68, 68, 68, 68, 68, 68, 68,
         68, 68, 68, 68, 68, 68, 68, 68, 68, 68, 68, 68, 68, 68, 68, 68, 68, 68,
         68, 68, 68, 68, 68, 68, 68, 68, 68, 68, 68, 68, 68, 68, 68, 68, 68, 68,
         68, 68, 68, 68, 68, 68, 68, 68, 68, 68, 68, 68, 68, 68, 68, 68, 68, 68,
         68, 68, 68, 68, 68, 68, 68, 68, 68, 68, 68, 68, 68, 68, 68, 68, 68, 68,
         68, 68, 68, 68, 68, 68, 68, 68, 68, 68]], device='cuda:0')
saving epoch 8
>>> Saving MODEL and VOCAB @ trained_models/seq2seq/seq2seq_optim_adam_0.001_ep50_d1109_t0416/ep.8_loss.1.7395.pth <<<
epoch: 9  completed
greedy: tensor([660, 660, 660, 660, 660, 660, 660, 660, 660, 660, 660, 660, 660, 660,
        660, 660, 660, 660, 660, 660, 660, 660, 660, 660, 660, 660, 660, 660,
        660, 660, 660, 660, 660, 660, 660, 660, 660, 660, 660, 660, 660, 660,
        660, 660, 660, 660, 660, 660, 660, 660, 660, 660, 660, 660, 660, 660,
        660, 660, 660, 660], device='cuda:0')
beam: tensor([[660,  68,  68,  68,  68,  68,  68,  68,  68,  68,  68,  68,  68,  68,
          68,  68,  68,  68,  68,  68,  68,  68,  68,  68,  68,  68,  68,  68,
          68,  68,  68,  68,  68,  68,  68,  68,  68,  68,  68,  68,  68,  68,
          68,  68,  68,  68,  68,  68,  68,  68,  68,  68,  68,  68,  68,  68,
          68,  68,  68,  68,  68,  68,  68,  68,  68,  68,  68,  68,  68,  68,
          68,  68,  68,  68,  68,  68,  68,  68,  68,  68,  68,  68,  68,  68,
          68,  68,  68,  68,  68,  68,  68,  68,  68,  68,  68,  68,  68,  68,
          68,  68]], device='cuda:0')
epoch: 10  completed
greedy: tensor([660, 660, 660, 660, 660, 660, 660, 660, 660, 660, 660, 660, 660, 660,
        660, 660, 660, 660, 660, 660, 660, 660, 660, 660, 660, 660, 660, 660,
        660, 660, 660, 660, 660, 660, 660, 660, 660, 660, 660, 660, 660, 660,
        660, 660, 660, 660, 660, 660, 660, 660, 660, 660, 660, 660, 660, 660,
        660, 660, 660, 660], device='cuda:0')
beam: tensor([[660, 660, 660, 660, 660, 660, 660, 660, 660, 660, 660, 660, 660, 660,
         660, 660, 660, 660, 660, 660, 660, 660, 660, 660, 660, 660, 660, 660,
         660, 660, 660, 660, 660, 660, 660, 660, 660, 660, 660, 660, 660, 660,
         660, 660, 660, 660, 660, 660, 660, 660, 660, 660, 660, 660, 660, 660,
         660, 660, 660, 660, 660, 660, 660, 660, 660, 660, 660, 660, 660, 660,
         660, 660, 660, 660, 660, 660, 660, 660, 660, 660, 660, 660, 660, 660,
         660, 660, 660, 660, 660, 660, 660, 660, 660, 660, 660, 660, 660, 660,
         660, 660]], device='cuda:0')
epoch: 11  completed
greedy: tensor([660, 660, 660, 660, 660, 660, 660, 660, 660, 660, 660, 660, 660, 660,
        660, 660, 660, 660, 660, 660, 660, 660, 660, 660, 660, 660, 660, 660,
        660, 660, 660, 660, 660, 660, 660, 660, 660, 660, 660, 660, 660, 660,
        660, 660, 660, 660, 660, 660, 660, 660, 660, 660, 660, 660, 660, 660,
        660, 660, 660, 660], device='cuda:0')
beam: tensor([[660, 660, 660, 660, 660, 660, 660, 660, 660, 660, 660, 660, 660, 660,
         660, 660, 660, 660, 660, 660, 660, 660, 660, 660, 660, 660, 660, 660,
         660, 660, 660, 660, 660, 660, 660, 660, 660, 660, 660, 660, 660, 660,
         660, 660, 660, 660, 660, 660, 660, 660, 660, 660, 660, 660, 660, 660,
         660, 660, 660, 660, 660, 660, 660, 660, 660, 660, 660, 660, 660, 660,
         660, 660, 660, 660, 660, 660, 660, 660, 660, 660, 660, 660, 660, 660,
         660, 660, 660, 660, 660, 660, 660, 660, 660, 660, 660, 660, 660, 660,
         660, 660]], device='cuda:0')
epoch: 12  completed
greedy: tensor([660, 660, 660, 660, 660, 660, 660, 660, 660, 660, 660, 660, 660, 660,
        660, 660, 660, 660, 660, 660, 660, 660, 660, 660, 660, 660, 660, 660,
        660, 660, 660, 660, 660, 660, 660, 660, 660, 660, 660, 660, 660, 660,
        660, 660, 660, 660, 660, 660, 660, 660, 660, 660, 660, 660, 660, 660,
        660, 660, 660, 660], device='cuda:0')
beam: tensor([[660, 660, 660, 660, 660, 660, 660, 660, 660, 660, 660, 660, 660, 660,
         660, 660, 660, 660, 660, 660, 660, 660, 660, 660, 660, 660, 660, 660,
         660, 660, 660, 660, 660, 660, 660, 660, 660, 660, 660, 660, 660, 660,
         660, 660, 660, 660, 660, 660, 660, 660, 660, 660, 660, 660, 660, 660,
         660, 660, 660, 660, 660, 660, 660, 660, 660, 660, 660, 660, 660, 660,
         660, 660, 660, 660, 660, 660, 660, 660, 660, 660, 660, 660, 660, 660,
         660, 660, 660, 660, 660, 660, 660, 660, 660, 660, 660, 660, 660, 660,
         660, 660]], device='cuda:0')
saving epoch 12
>>> Saving MODEL and VOCAB @ trained_models/seq2seq/seq2seq_optim_adam_0.001_ep50_d1109_t0416/ep.12_loss.0.5275.pth <<<
epoch: 13  completed
greedy: tensor([660, 660, 660, 660, 660, 660, 660, 660, 660, 660, 660, 660, 660, 660,
        660, 660, 660, 660, 660, 660, 660, 660, 660, 660, 660, 660, 660, 660,
        660, 660, 660, 660, 660, 660, 660, 660, 660, 660, 660, 660, 660, 660,
        660, 660, 660, 660, 660, 660, 660, 660, 660, 660, 660, 660, 660, 660,
        660, 660, 660, 660], device='cuda:0')
beam: tensor([[660, 660, 660, 660, 660, 660, 660, 660, 660, 660, 660, 660, 660, 660,
         660, 660, 660, 660, 660, 660, 660, 660, 660, 660, 660, 660, 660, 660,
         660, 660, 660, 660, 660, 660, 660, 660, 660, 660, 660, 660, 660, 660,
         660, 660, 660, 660, 660, 660, 660, 660, 660, 660, 660, 660, 660, 660,
         660, 660, 660, 660, 660, 660, 660, 660, 660, 660, 660, 660, 660, 660,
         660, 660, 660, 660, 660, 660, 660, 660, 660, 660, 660, 660, 660, 660,
         660, 660, 660, 660, 660, 660, 660, 660, 660, 660, 660, 660, 660, 660,
         660, 660]], device='cuda:0')
epoch: 14  completed
greedy: tensor([660, 660, 660, 660, 660, 660, 660, 660, 660, 660, 660, 660, 660, 660,
        660, 660, 660, 660, 660, 660, 660, 660, 660, 660, 660, 660, 660, 660,
        660, 660, 660, 660, 660, 660, 660, 660, 660, 660, 660, 660, 660, 660,
        660, 660, 660, 660, 660, 660, 660, 660, 660, 660, 660, 660, 660, 660,
        660, 660, 660, 660], device='cuda:0')
beam: tensor([[660, 660, 660, 660, 660, 660, 660, 660, 660, 660, 660, 660, 660, 660,
         660, 660, 660, 660, 660, 660, 660, 660, 660, 660, 660, 660, 660, 660,
         660, 660, 660, 660, 660, 660, 660, 660, 660, 660, 660, 660, 660, 660,
         660, 660, 660, 660, 660, 660, 660, 660, 660, 660, 660, 660, 660, 660,
         660, 660, 660, 660, 660, 660, 660, 660, 660, 660, 660, 660, 660, 660,
         660, 660, 660, 660, 660, 660, 660, 660, 660, 660, 660, 660, 660, 660,
         660, 660, 660, 660, 660, 660, 660, 660, 660, 660, 660, 660, 660, 660,
         660, 660]], device='cuda:0')
epoch: 15  completed
greedy: tensor([660, 660, 660, 660, 660, 660, 660, 660, 660, 660, 660, 660, 660, 660,
        660, 660, 660, 660, 660, 660, 660, 660, 660, 660, 660, 660, 660, 660,
        660, 660, 660, 660, 660, 660, 660, 660, 660, 660, 660, 660, 660, 660,
        660, 660, 660, 660, 660, 660, 660, 660, 660, 660, 660, 660, 660, 660,
        660, 660, 660, 660], device='cuda:0')
beam: tensor([[660, 660, 660, 660, 660, 660, 660, 660, 660, 660, 660, 660, 660, 660,
         660, 660, 660, 660, 660, 660, 660, 660, 660, 660, 660, 660, 660, 660,
         660, 660, 660, 660, 660, 660, 660, 660, 660, 660, 660, 660, 660, 660,
         660, 660, 660, 660, 660, 660, 660, 660, 660, 660, 660, 660, 660, 660,
         660, 660, 660, 660, 660, 660, 660, 660, 660, 660, 660, 660, 660, 660,
         660, 660, 660, 660, 660, 660, 660, 660, 660, 660, 660, 660, 660, 660,
         660, 660, 660, 660, 660, 660, 660, 660, 660, 660, 660, 660, 660, 660,
         660, 660]], device='cuda:0')
epoch: 16  completed
greedy: tensor([660, 660, 660, 660, 660, 660, 660, 660, 660, 660, 660, 660, 660, 660,
        660, 660, 660, 660, 660, 660, 660, 660, 660, 660, 660, 660, 660, 660,
        660, 660, 660, 660, 660, 660, 660, 660, 660, 660, 660, 660, 660, 660,
        660, 660, 660, 660, 660, 660, 660, 660, 660, 660, 660, 660, 660, 660,
        660, 660, 660, 660], device='cuda:0')
beam: tensor([[660, 660, 660, 660, 660, 660, 660, 660, 660, 660, 660, 660, 660, 660,
         660, 660, 660, 660, 660, 660, 660, 660, 660, 660, 660, 660, 660, 660,
         660, 660, 660, 660, 660, 660, 660, 660, 660, 660, 660, 660, 660, 660,
         660, 660, 660, 660, 660, 660, 660, 660, 660, 660, 660, 660, 660, 660,
         660, 660, 660, 660, 660, 660, 660, 660, 660, 660, 660, 660, 660, 660,
         660, 660, 660, 660, 660, 660, 660, 660, 660, 660, 660, 660, 660, 660,
         660, 660, 660, 660, 660, 660, 660, 660, 660, 660, 660, 660, 660, 660,
         660, 660]], device='cuda:0')
saving epoch 16
>>> Saving MODEL and VOCAB @ trained_models/seq2seq/seq2seq_optim_adam_0.001_ep50_d1109_t0416/ep.16_loss.0.1470.pth <<<
epoch: 17  completed
greedy: tensor([660, 660, 660, 660, 660, 660, 660, 660, 660, 660, 660, 660, 660, 660,
        660, 660, 660, 660, 660, 660, 660, 660, 660, 660, 660, 660, 660, 660,
        660, 660, 660, 660, 660, 660, 660, 660, 660, 660, 660, 660, 660, 660,
        660, 660, 660, 660, 660, 660, 660, 660, 660, 660, 660, 660, 660, 660,
        660, 660, 660, 660], device='cuda:0')
beam: tensor([[660, 660, 660, 660, 660, 660, 660, 660, 660, 660, 660, 660, 660, 660,
         660, 660, 660, 660, 660, 660, 660, 660, 660, 660, 660, 660, 660, 660,
         660, 660, 660, 660, 660, 660, 660, 660, 660, 660, 660, 660, 660, 660,
         660, 660, 660, 660, 660, 660, 660, 660, 660, 660, 660, 660, 660, 660,
         660, 660, 660, 660, 660, 660, 660, 660, 660, 660, 660, 660, 660, 660,
         660, 660, 660, 660, 660, 660, 660, 660, 660, 660, 660, 660, 660, 660,
         660, 660, 660, 660, 660, 660, 660, 660, 660, 660, 660, 660, 660, 660,
         660, 660]], device='cuda:0')
epoch: 18  completed
greedy: tensor([660, 660, 660, 660, 660, 660, 660, 660, 660, 660, 660, 660, 660, 660,
        660, 660, 660, 660, 660, 660, 660, 660, 660, 660, 660, 660, 660, 660,
        660, 660, 660, 660, 660, 660, 660, 660, 660, 660, 660, 660, 660, 660,
        660, 660, 660, 660, 660, 660, 660, 660, 660, 660, 660, 660, 660, 660,
        660, 660, 660, 660], device='cuda:0')
beam: tensor([[660, 660, 660, 660, 660, 660, 660, 660, 660, 660, 660, 660, 660, 660,
         660, 660, 660, 660, 660, 660, 660, 660, 660, 660, 660, 660, 660, 660,
         660, 660, 660, 660, 660, 660, 660, 660, 660, 660, 660, 660, 660, 660,
         660, 660, 660, 660, 660, 660, 660, 660, 660, 660, 660, 660, 660, 660,
         660, 660, 660, 660, 660, 660, 660, 660, 660, 660, 660, 660, 660, 660,
         660, 660, 660, 660, 660, 660, 660, 660, 660, 660, 660, 660, 660, 660,
         660, 660, 660, 660, 660, 660, 660, 660, 660, 660, 660, 660, 660, 660,
         660, 660]], device='cuda:0')
epoch: 19  completed
greedy: tensor([660, 660, 660, 660, 660, 660, 660, 660, 660, 660, 660, 660, 660, 660,
        660, 660, 660, 660, 660, 660, 660, 660, 660, 660, 660, 660, 660, 660,
        660, 660, 660, 660, 660, 660, 660, 660, 660, 660, 660, 660, 660, 660,
        660, 660, 660, 660, 660, 660, 660, 660, 660, 660, 660, 660, 660, 660,
        660, 660, 660, 660], device='cuda:0')
beam: tensor([[660, 660, 660, 660, 660, 660, 660, 660, 660, 660, 660, 660, 660, 660,
         660, 660, 660, 660, 660, 660, 660, 660, 660, 660, 660, 660, 660, 660,
         660, 660, 660, 660, 660, 660, 660, 660, 660, 660, 660, 660, 660, 660,
         660, 660, 660, 660, 660, 660, 660, 660, 660, 660, 660, 660, 660, 660,
         660, 660, 660, 660, 660, 660, 660, 660, 660, 660, 660, 660, 660, 660,
         660, 660, 660, 660, 660, 660, 660, 660, 660, 660, 660, 660, 660, 660,
         660, 660, 660, 660, 660, 660, 660, 660, 660, 660, 660, 660, 660, 660,
         660, 660]], device='cuda:0')
epoch: 20  completed
greedy: tensor([660, 660, 660, 660, 660, 660, 660, 660, 660, 660, 660, 660, 660, 660,
        660, 660, 660, 660, 660, 660, 660, 660, 660, 660, 660, 660, 660, 660,
        660, 660, 660, 660, 660, 660, 660, 660, 660, 660, 660, 660, 660, 660,
        660, 660, 660, 660, 660, 660, 660, 660, 660, 660, 660, 660, 660, 660,
        660, 660, 660, 660], device='cuda:0')
beam: tensor([[660, 660, 660, 660, 660, 660, 660, 660, 660, 660, 660, 660, 660, 660,
         660, 660, 660, 660, 660, 660, 660, 660, 660, 660, 660, 660, 660, 660,
         660, 660, 660, 660, 660, 660, 660, 660, 660, 660, 660, 660, 660, 660,
         660, 660, 660, 660, 660, 660, 660, 660, 660, 660, 660, 660, 660, 660,
         660, 660, 660, 660, 660, 660, 660, 660, 660, 660, 660, 660, 660, 660,
         660, 660, 660, 660, 660, 660, 660, 660, 660, 660, 660, 660, 660, 660,
         660, 660, 660, 660, 660, 660, 660, 660, 660, 660, 660, 660, 660, 660,
         660, 660]], device='cuda:0')
saving epoch 20
>>> Saving MODEL and VOCAB @ trained_models/seq2seq/seq2seq_optim_adam_0.001_ep50_d1109_t0416/ep.20_loss.0.0525.pth <<<
epoch: 21  completed
greedy: tensor([660, 660, 660, 660, 660, 660, 660, 660, 660, 660, 660, 660, 660, 660,
        660, 660, 660, 660, 660, 660, 660, 660, 660, 660, 660, 660, 660, 660,
        660, 660, 660, 660, 660, 660, 660, 660, 660, 660, 660, 660, 660, 660,
        660, 660, 660, 660, 660, 660, 660, 660, 660, 660, 660, 660, 660, 660,
        660, 660, 660, 660], device='cuda:0')
beam: tensor([[660, 660, 660, 660, 660, 660, 660, 660, 660, 660, 660, 660, 660, 660,
         660, 660, 660, 660, 660, 660, 660, 660, 660, 660, 660, 660, 660, 660,
         660, 660, 660, 660, 660, 660, 660, 660, 660, 660, 660, 660, 660, 660,
         660, 660, 660, 660, 660, 660, 660, 660, 660, 660, 660, 660, 660, 660,
         660, 660, 660, 660, 660, 660, 660, 660, 660, 660, 660, 660, 660, 660,
         660, 660, 660, 660, 660, 660, 660, 660, 660, 660, 660, 660, 660, 660,
         660, 660, 660, 660, 660, 660, 660, 660, 660, 660, 660, 660, 660, 660,
         660, 660]], device='cuda:0')
epoch: 22  completed
greedy: tensor([660, 660, 660, 660, 660, 660, 660, 660, 660, 660, 660, 660, 660, 660,
        660, 660, 660, 660, 660, 660, 660, 660, 660, 660, 660, 660, 660, 660,
        660, 660, 660, 660, 660, 660, 660, 660, 660, 660, 660, 660, 660, 660,
        660, 660, 660, 660, 660, 660, 660, 660, 660, 660, 660, 660, 660, 660,
        660, 660, 660, 660], device='cuda:0')
beam: tensor([[660, 660, 660, 660, 660, 660, 660, 660, 660, 660, 660, 660, 660, 660,
         660, 660, 660, 660, 660, 660, 660, 660, 660, 660, 660, 660, 660, 660,
         660, 660, 660, 660, 660, 660, 660, 660, 660, 660, 660, 660, 660, 660,
         660, 660, 660, 660, 660, 660, 660, 660, 660, 660, 660, 660, 660, 660,
         660, 660, 660, 660, 660, 660, 660, 660, 660, 660, 660, 660, 660, 660,
         660, 660, 660, 660, 660, 660, 660, 660, 660, 660, 660, 660, 660, 660,
         660, 660, 660, 660, 660, 660, 660, 660, 660, 660, 660, 660, 660, 660,
         660, 660]], device='cuda:0')
epoch: 23  completed
greedy: tensor([660, 660, 660, 660, 660, 660, 660, 660, 660, 660, 660, 660, 660, 660,
        660, 660, 660, 660, 660, 660, 660, 660, 660, 660, 660, 660, 660, 660,
        660, 660, 660, 660, 660, 660, 660, 660, 660, 660, 660, 660, 660, 660,
        660, 660, 660, 660, 660, 660, 660, 660, 660, 660, 660, 660, 660, 660,
        660, 660, 660, 660], device='cuda:0')
beam: tensor([[660, 660, 660, 660, 660, 660, 660, 660, 660, 660, 660, 660, 660, 660,
         660, 660, 660, 660, 660, 660, 660, 660, 660, 660, 660, 660, 660, 660,
         660, 660, 660, 660, 660, 660, 660, 660, 660, 660, 660, 660, 660, 660,
         660, 660, 660, 660, 660, 660, 660, 660, 660, 660, 660, 660, 660, 660,
         660, 660, 660, 660, 660, 660, 660, 660, 660, 660, 660, 660, 660, 660,
         660, 660, 660, 660, 660, 660, 660, 660, 660, 660, 660, 660, 660, 660,
         660, 660, 660, 660, 660, 660, 660, 660, 660, 660, 660, 660, 660, 660,
         660, 660]], device='cuda:0')
epoch: 24  completed
greedy: tensor([660, 660, 660, 660, 660, 660, 660, 660, 660, 660, 660, 660, 660, 660,
        660, 660, 660, 660, 660, 660, 660, 660, 660, 660, 660, 660, 660, 660,
        660, 660, 660, 660, 660, 660, 660, 660, 660, 660, 660, 660, 660, 660,
        660, 660, 660, 660, 660, 660, 660, 660, 660, 660, 660, 660, 660, 660,
        660, 660, 660, 660], device='cuda:0')
beam: tensor([[660, 660, 660, 660, 660, 660, 660, 660, 660, 660, 660, 660, 660, 660,
         660, 660, 660, 660, 660, 660, 660, 660, 660, 660, 660, 660, 660, 660,
         660, 660, 660, 660, 660, 660, 660, 660, 660, 660, 660, 660, 660, 660,
         660, 660, 660, 660, 660, 660, 660, 660, 660, 660, 660, 660, 660, 660,
         660, 660, 660, 660, 660, 660, 660, 660, 660, 660, 660, 660, 660, 660,
         660, 660, 660, 660, 660, 660, 660, 660, 660, 660, 660, 660, 660, 660,
         660, 660, 660, 660, 660, 660, 660, 660, 660, 660, 660, 660, 660, 660,
         660, 660]], device='cuda:0')
saving epoch 24
>>> Saving MODEL and VOCAB @ trained_models/seq2seq/seq2seq_optim_adam_0.001_ep50_d1109_t0416/ep.24_loss.0.0239.pth <<<
epoch: 25  completed
greedy: tensor([660, 660, 660, 660, 660, 660, 660, 660, 660, 660, 660, 660, 660, 660,
        660, 660, 660, 660, 660, 660, 660, 660, 660, 660, 660, 660, 660, 660,
        660, 660, 660, 660, 660, 660, 660, 660, 660, 660, 660, 660, 660, 660,
        660, 660, 660, 660, 660, 660, 660, 660, 660, 660, 660, 660, 660, 660,
        660, 660, 660, 660], device='cuda:0')
beam: tensor([[660, 660, 660, 660, 660, 660, 660, 660, 660, 660, 660, 660, 660, 660,
         660, 660, 660, 660, 660, 660, 660, 660, 660, 660, 660, 660, 660, 660,
         660, 660, 660, 660, 660, 660, 660, 660, 660, 660, 660, 660, 660, 660,
         660, 660, 660, 660, 660, 660, 660, 660, 660, 660, 660, 660, 660, 660,
         660, 660, 660, 660, 660, 660, 660, 660, 660, 660, 660, 660, 660, 660,
         660, 660, 660, 660, 660, 660, 660, 660, 660, 660, 660, 660, 660, 660,
         660, 660, 660, 660, 660, 660, 660, 660, 660, 660, 660, 660, 660, 660,
         660, 660]], device='cuda:0')
epoch: 26  completed
greedy: tensor([660, 660, 660, 660, 660, 660, 660, 660, 660, 660, 660, 660, 660, 660,
        660, 660, 660, 660, 660, 660, 660, 660, 660, 660, 660, 660, 660, 660,
        660, 660, 660, 660, 660, 660, 660, 660, 660, 660, 660, 660, 660, 660,
        660, 660, 660, 660, 660, 660, 660, 660, 660, 660, 660, 660, 660, 660,
        660, 660, 660, 660], device='cuda:0')
beam: tensor([[660, 660, 660, 660, 660, 660, 660, 660, 660, 660, 660, 660, 660, 660,
         660, 660, 660, 660, 660, 660, 660, 660, 660, 660, 660, 660, 660, 660,
         660, 660, 660, 660, 660, 660, 660, 660, 660, 660, 660, 660, 660, 660,
         660, 660, 660, 660, 660, 660, 660, 660, 660, 660, 660, 660, 660, 660,
         660, 660, 660, 660, 660, 660, 660, 660, 660, 660, 660, 660, 660, 660,
         660, 660, 660, 660, 660, 660, 660, 660, 660, 660, 660, 660, 660, 660,
         660, 660, 660, 660, 660, 660, 660, 660, 660, 660, 660, 660, 660, 660,
         660, 660]], device='cuda:0')
epoch: 27  completed
greedy: tensor([660, 660, 660, 660, 660, 660, 660, 660, 660, 660, 660, 660, 660, 660,
        660, 660, 660, 660, 660, 660, 660, 660, 660, 660, 660, 660, 660, 660,
        660, 660, 660, 660, 660, 660, 660, 660, 660, 660, 660, 660, 660, 660,
        660, 660, 660, 660, 660, 660, 660, 660, 660, 660, 660, 660, 660, 660,
        660, 660, 660, 660], device='cuda:0')
beam: tensor([[660, 660, 660, 660, 660, 660, 660, 660, 660, 660, 660, 660, 660, 660,
         660, 660, 660, 660, 660, 660, 660, 660, 660, 660, 660, 660, 660, 660,
         660, 660, 660, 660, 660, 660, 660, 660, 660, 660, 660, 660, 660, 660,
         660, 660, 660, 660, 660, 660, 660, 660, 660, 660, 660, 660, 660, 660,
         660, 660, 660, 660, 660, 660, 660, 660, 660, 660, 660, 660, 660, 660,
         660, 660, 660, 660, 660, 660, 660, 660, 660, 660, 660, 660, 660, 660,
         660, 660, 660, 660, 660, 660, 660, 660, 660, 660, 660, 660, 660, 660,
         660, 660]], device='cuda:0')
epoch: 28  completed
greedy: tensor([660, 660, 660, 660, 660, 660, 660, 660, 660, 660, 660, 660, 660, 660,
        660, 660, 660, 660, 660, 660, 660, 660, 660, 660, 660, 660, 660, 660,
        660, 660, 660, 660, 660, 660, 660, 660, 660, 660, 660, 660, 660, 660,
        660, 660, 660, 660, 660, 660, 660, 660, 660, 660, 660, 660, 660, 660,
        660, 660, 660, 660], device='cuda:0')
beam: tensor([[660, 660, 660, 660, 660, 660, 660, 660, 660, 660, 660, 660, 660, 660,
         660, 660, 660, 660, 660, 660, 660, 660, 660, 660, 660, 660, 660, 660,
         660, 660, 660, 660, 660, 660, 660, 660, 660, 660, 660, 660, 660, 660,
         660, 660, 660, 660, 660, 660, 660, 660, 660, 660, 660, 660, 660, 660,
         660, 660, 660, 660, 660, 660, 660, 660, 660, 660, 660, 660, 660, 660,
         660, 660, 660, 660, 660, 660, 660, 660, 660, 660, 660, 660, 660, 660,
         660, 660, 660, 660, 660, 660, 660, 660, 660, 660, 660, 660, 660, 660,
         660, 660]], device='cuda:0')
saving epoch 28
>>> Saving MODEL and VOCAB @ trained_models/seq2seq/seq2seq_optim_adam_0.001_ep50_d1109_t0416/ep.28_loss.0.0128.pth <<<
epoch: 29  completed
greedy: tensor([660, 660, 660, 660, 660, 660, 660, 660, 660, 660, 660, 660, 660, 660,
        660, 660, 660, 660, 660, 660, 660, 660, 660, 660, 660, 660, 660, 660,
        660, 660, 660, 660, 660, 660, 660, 660, 660, 660, 660, 660, 660, 660,
        660, 660, 660, 660, 660, 660, 660, 660, 660, 660, 660, 660, 660, 660,
        660, 660, 660, 660], device='cuda:0')
beam: tensor([[660, 660, 660, 660, 660, 660, 660, 660, 660, 660, 660, 660, 660, 660,
         660, 660, 660, 660, 660, 660, 660, 660, 660, 660, 660, 660, 660, 660,
         660, 660, 660, 660, 660, 660, 660, 660, 660, 660, 660, 660, 660, 660,
         660, 660, 660, 660, 660, 660, 660, 660, 660, 660, 660, 660, 660, 660,
         660, 660, 660, 660, 660, 660, 660, 660, 660, 660, 660, 660, 660, 660,
         660, 660, 660, 660, 660, 660, 660, 660, 660, 660, 660, 660, 660, 660,
         660, 660, 660, 660, 660, 660, 660, 660, 660, 660, 660, 660, 660, 660,
         660, 660]], device='cuda:0')
epoch: 30  completed
greedy: tensor([660, 660, 660, 660, 660, 660, 660, 660, 660, 660, 660, 660, 660, 660,
        660, 660, 660, 660, 660, 660, 660, 660, 660, 660, 660, 660, 660, 660,
        660, 660, 660, 660, 660, 660, 660, 660, 660, 660, 660, 660, 660, 660,
        660, 660, 660, 660, 660, 660, 660, 660, 660, 660, 660, 660, 660, 660,
        660, 660, 660, 660], device='cuda:0')
beam: tensor([[660, 660, 660, 660, 660, 660, 660, 660, 660, 660, 660, 660, 660, 660,
         660, 660, 660, 660, 660, 660, 660, 660, 660, 660, 660, 660, 660, 660,
         660, 660, 660, 660, 660, 660, 660, 660, 660, 660, 660, 660, 660, 660,
         660, 660, 660, 660, 660, 660, 660, 660, 660, 660, 660, 660, 660, 660,
         660, 660, 660, 660, 660, 660, 660, 660, 660, 660, 660, 660, 660, 660,
         660, 660, 660, 660, 660, 660, 660, 660, 660, 660, 660, 660, 660, 660,
         660, 660, 660, 660, 660, 660, 660, 660, 660, 660, 660, 660, 660, 660,
         660, 660]], device='cuda:0')
epoch: 31  completed
greedy: tensor([660, 660, 660, 660, 660, 660, 660, 660, 660, 660, 660, 660, 660, 660,
        660, 660, 660, 660, 660, 660, 660, 660, 660, 660, 660, 660, 660, 660,
        660, 660, 660, 660, 660, 660, 660, 660, 660, 660, 660, 660, 660, 660,
        660, 660, 660, 660, 660, 660, 660, 660, 660, 660, 660, 660, 660, 660,
        660, 660, 660, 660], device='cuda:0')
beam: tensor([[660, 660, 660, 660, 660, 660, 660, 660, 660, 660, 660, 660, 660, 660,
         660, 660, 660, 660, 660, 660, 660, 660, 660, 660, 660, 660, 660, 660,
         660, 660, 660, 660, 660, 660, 660, 660, 660, 660, 660, 660, 660, 660,
         660, 660, 660, 660, 660, 660, 660, 660, 660, 660, 660, 660, 660, 660,
         660, 660, 660, 660, 660, 660, 660, 660, 660, 660, 660, 660, 660, 660,
         660, 660, 660, 660, 660, 660, 660, 660, 660, 660, 660, 660, 660, 660,
         660, 660, 660, 660, 660, 660, 660, 660, 660, 660, 660, 660, 660, 660,
         660, 660]], device='cuda:0')
epoch: 32  completed
greedy: tensor([660, 660, 660, 660, 660, 660, 660, 660, 660, 660, 660, 660, 660, 660,
        660, 660, 660, 660, 660, 660, 660, 660, 660, 660, 660, 660, 660, 660,
        660, 660, 660, 660, 660, 660, 660, 660, 660, 660, 660, 660, 660, 660,
        660, 660, 660, 660, 660, 660, 660, 660, 660, 660, 660, 660, 660, 660,
        660, 660, 660, 660], device='cuda:0')
beam: tensor([[660, 660, 660, 660, 660, 660, 660, 660, 660, 660, 660, 660, 660, 660,
         660, 660, 660, 660, 660, 660, 660, 660, 660, 660, 660, 660, 660, 660,
         660, 660, 660, 660, 660, 660, 660, 660, 660, 660, 660, 660, 660, 660,
         660, 660, 660, 660, 660, 660, 660, 660, 660, 660, 660, 660, 660, 660,
         660, 660, 660, 660, 660, 660, 660, 660, 660, 660, 660, 660, 660, 660,
         660, 660, 660, 660, 660, 660, 660, 660, 660, 660, 660, 660, 660, 660,
         660, 660, 660, 660, 660, 660, 660, 660, 660, 660, 660, 660, 660, 660,
         660, 660]], device='cuda:0')
saving epoch 32
>>> Saving MODEL and VOCAB @ trained_models/seq2seq/seq2seq_optim_adam_0.001_ep50_d1109_t0416/ep.32_loss.0.0089.pth <<<
epoch: 33  completed
greedy: tensor([660, 660, 660, 660, 660, 660, 660, 660, 660, 660, 660, 660, 660, 660,
        660, 660, 660, 660, 660, 660, 660, 660, 660, 660, 660, 660, 660, 660,
        660, 660, 660, 660, 660, 660, 660, 660, 660, 660, 660, 660, 660, 660,
        660, 660, 660, 660, 660, 660, 660, 660, 660, 660, 660, 660, 660, 660,
        660, 660, 660, 660], device='cuda:0')
beam: tensor([[660, 660, 660, 660, 660, 660, 660, 660, 660, 660, 660, 660, 660, 660,
         660, 660, 660, 660, 660, 660, 660, 660, 660, 660, 660, 660, 660, 660,
         660, 660, 660, 660, 660, 660, 660, 660, 660, 660, 660, 660, 660, 660,
         660, 660, 660, 660, 660, 660, 660, 660, 660, 660, 660, 660, 660, 660,
         660, 660, 660, 660, 660, 660, 660, 660, 660, 660, 660, 660, 660, 660,
         660, 660, 660, 660, 660, 660, 660, 660, 660, 660, 660, 660, 660, 660,
         660, 660, 660, 660, 660, 660, 660, 660, 660, 660, 660, 660, 660, 660,
         660, 660]], device='cuda:0')
epoch: 34  completed
greedy: tensor([660, 660, 660, 660, 660, 660, 660, 660, 660, 660, 660, 660, 660, 660,
        660, 660, 660, 660, 660, 660, 660, 660, 660, 660, 660, 660, 660, 660,
        660, 660, 660, 660, 660, 660, 660, 660, 660, 660, 660, 660, 660, 660,
        660, 660, 660, 660, 660, 660, 660, 660, 660, 660, 660, 660, 660, 660,
        660, 660, 660, 660], device='cuda:0')
beam: tensor([[660, 660, 660, 660, 660, 660, 660, 660, 660, 660, 660, 660, 660, 660,
         660, 660, 660, 660, 660, 660, 660, 660, 660, 660, 660, 660, 660, 660,
         660, 660, 660, 660, 660, 660, 660, 660, 660, 660, 660, 660, 660, 660,
         660, 660, 660, 660, 660, 660, 660, 660, 660, 660, 660, 660, 660, 660,
         660, 660, 660, 660, 660, 660, 660, 660, 660, 660, 660, 660, 660, 660,
         660, 660, 660, 660, 660, 660, 660, 660, 660, 660, 660, 660, 660, 660,
         660, 660, 660, 660, 660, 660, 660, 660, 660, 660, 660, 660, 660, 660,
         660, 660]], device='cuda:0')
epoch: 35  completed
greedy: tensor([660, 660, 660, 660, 660, 660, 660, 660, 660, 660, 660, 660, 660, 660,
        660, 660, 660, 660, 660, 660, 660, 660, 660, 660, 660, 660, 660, 660,
        660, 660, 660, 660, 660, 660, 660, 660, 660, 660, 660, 660, 660, 660,
        660, 660, 660, 660, 660, 660, 660, 660, 660, 660, 660, 660, 660, 660,
        660, 660, 660, 660], device='cuda:0')
beam: tensor([[660, 660, 660, 660, 660, 660, 660, 660, 660, 660, 660, 660, 660, 660,
         660, 660, 660, 660, 660, 660, 660, 660, 660, 660, 660, 660, 660, 660,
         660, 660, 660, 660, 660, 660, 660, 660, 660, 660, 660, 660, 660, 660,
         660, 660, 660, 660, 660, 660, 660, 660, 660, 660, 660, 660, 660, 660,
         660, 660, 660, 660, 660, 660, 660, 660, 660, 660, 660, 660, 660, 660,
         660, 660, 660, 660, 660, 660, 660, 660, 660, 660, 660, 660, 660, 660,
         660, 660, 660, 660, 660, 660, 660, 660, 660, 660, 660, 660, 660, 660,
         660, 660]], device='cuda:0')
epoch: 36  completed
greedy: tensor([660, 660, 660, 660, 660, 660, 660, 660, 660, 660, 660, 660, 660, 660,
        660, 660, 660, 660, 660, 660, 660, 660, 660, 660, 660, 660, 660, 660,
        660, 660, 660, 660, 660, 660, 660, 660, 660, 660, 660, 660, 660, 660,
        660, 660, 660, 660, 660, 660, 660, 660, 660, 660, 660, 660, 660, 660,
        660, 660, 660, 660], device='cuda:0')
beam: tensor([[660, 660, 660, 660, 660, 660, 660, 660, 660, 660, 660, 660, 660, 660,
         660, 660, 660, 660, 660, 660, 660, 660, 660, 660, 660, 660, 660, 660,
         660, 660, 660, 660, 660, 660, 660, 660, 660, 660, 660, 660, 660, 660,
         660, 660, 660, 660, 660, 660, 660, 660, 660, 660, 660, 660, 660, 660,
         660, 660, 660, 660, 660, 660, 660, 660, 660, 660, 660, 660, 660, 660,
         660, 660, 660, 660, 660, 660, 660, 660, 660, 660, 660, 660, 660, 660,
         660, 660, 660, 660, 660, 660, 660, 660, 660, 660, 660, 660, 660, 660,
         660, 660]], device='cuda:0')
saving epoch 36
>>> Saving MODEL and VOCAB @ trained_models/seq2seq/seq2seq_optim_adam_0.001_ep50_d1109_t0416/ep.36_loss.0.0078.pth <<<
epoch: 37  completed
greedy: tensor([660, 660, 660, 660, 660, 660, 660, 660, 660, 660, 660, 660, 660, 660,
        660, 660, 660, 660, 660, 660, 660, 660, 660, 660, 660, 660, 660, 660,
        660, 660, 660, 660, 660, 660, 660, 660, 660, 660, 660, 660, 660, 660,
        660, 660, 660, 660, 660, 660, 660, 660, 660, 660, 660, 660, 660, 660,
        660, 660, 660, 660], device='cuda:0')
beam: tensor([[660, 660, 660, 660, 660, 660, 660, 660, 660, 660, 660, 660, 660, 660,
         660, 660, 660, 660, 660, 660, 660, 660, 660, 660, 660, 660, 660, 660,
         660, 660, 660, 660, 660, 660, 660, 660, 660, 660, 660, 660, 660, 660,
         660, 660, 660, 660, 660, 660, 660, 660, 660, 660, 660, 660, 660, 660,
         660, 660, 660, 660, 660, 660, 660, 660, 660, 660, 660, 660, 660, 660,
         660, 660, 660, 660, 660, 660, 660, 660, 660, 660, 660, 660, 660, 660,
         660, 660, 660, 660, 660, 660, 660, 660, 660, 660, 660, 660, 660, 660,
         660, 660]], device='cuda:0')
epoch: 38  completed
greedy: tensor([660, 660, 660, 660, 660, 660, 660, 660, 660, 660, 660, 660, 660, 660,
        660, 660, 660, 660, 660, 660, 660, 660, 660, 660, 660, 660, 660, 660,
        660, 660, 660, 660, 660, 660, 660, 660, 660, 660, 660, 660, 660, 660,
        660, 660, 660, 660, 660, 660, 660, 660, 660, 660, 660, 660, 660, 660,
        660, 660, 660, 660], device='cuda:0')
beam: tensor([[660, 660, 660, 660, 660, 660, 660, 660, 660, 660, 660, 660, 660, 660,
         660, 660, 660, 660, 660, 660, 660, 660, 660, 660, 660, 660, 660, 660,
         660, 660, 660, 660, 660, 660, 660, 660, 660, 660, 660, 660, 660, 660,
         660, 660, 660, 660, 660, 660, 660, 660, 660, 660, 660, 660, 660, 660,
         660, 660, 660, 660, 660, 660, 660, 660, 660, 660, 660, 660, 660, 660,
         660, 660, 660, 660, 660, 660, 660, 660, 660, 660, 660, 660, 660, 660,
         660, 660, 660, 660, 660, 660, 660, 660, 660, 660, 660, 660, 660, 660,
         660, 660]], device='cuda:0')
epoch: 39  completed
greedy: tensor([660, 660, 660, 660, 660, 660, 660, 660, 660, 660, 660, 660, 660, 660,
        660, 660, 660, 660, 660, 660, 660, 660, 660, 660, 660, 660, 660, 660,
        660, 660, 660, 660, 660, 660, 660, 660, 660, 660, 660, 660, 660, 660,
        660, 660, 660, 660, 660, 660, 660, 660, 660, 660, 660, 660, 660, 660,
        660, 660, 660, 660], device='cuda:0')
beam: tensor([[660, 660, 660, 660, 660, 660, 660, 660, 660, 660, 660, 660, 660, 660,
         660, 660, 660, 660, 660, 660, 660, 660, 660, 660, 660, 660, 660, 660,
         660, 660, 660, 660, 660, 660, 660, 660, 660, 660, 660, 660, 660, 660,
         660, 660, 660, 660, 660, 660, 660, 660, 660, 660, 660, 660, 660, 660,
         660, 660, 660, 660, 660, 660, 660, 660, 660, 660, 660, 660, 660, 660,
         660, 660, 660, 660, 660, 660, 660, 660, 660, 660, 660, 660, 660, 660,
         660, 660, 660, 660, 660, 660, 660, 660, 660, 660, 660, 660, 660, 660,
         660, 660]], device='cuda:0')
epoch: 40  completed
greedy: tensor([660, 660, 660, 660, 660, 660, 660, 660, 660, 660, 660, 660, 660, 660,
        660, 660, 660, 660, 660, 660, 660, 660, 660, 660, 660, 660, 660, 660,
        660, 660, 660, 660, 660, 660, 660, 660, 660, 660, 660, 660, 660, 660,
        660, 660, 660, 660, 660, 660, 660, 660, 660, 660, 660, 660, 660, 660,
        660, 660, 660, 660], device='cuda:0')
beam: tensor([[660, 660, 660, 660, 660, 660, 660, 660, 660, 660, 660, 660, 660, 660,
         660, 660, 660, 660, 660, 660, 660, 660, 660, 660, 660, 660, 660, 660,
         660, 660, 660, 660, 660, 660, 660, 660, 660, 660, 660, 660, 660, 660,
         660, 660, 660, 660, 660, 660, 660, 660, 660, 660, 660, 660, 660, 660,
         660, 660, 660, 660, 660, 660, 660, 660, 660, 660, 660, 660, 660, 660,
         660, 660, 660, 660, 660, 660, 660, 660, 660, 660, 660, 660, 660, 660,
         660, 660, 660, 660, 660, 660, 660, 660, 660, 660, 660, 660, 660, 660,
         660, 660]], device='cuda:0')
saving epoch 40
>>> Saving MODEL and VOCAB @ trained_models/seq2seq/seq2seq_optim_adam_0.001_ep50_d1109_t0416/ep.40_loss.0.0058.pth <<<
epoch: 41  completed
greedy: tensor([660, 660, 660, 660, 660, 660, 660, 660, 660, 660, 660, 660, 660, 660,
        660, 660, 660, 660, 660, 660, 660, 660, 660, 660, 660, 660, 660, 660,
        660, 660, 660, 660, 660, 660, 660, 660, 660, 660, 660, 660, 660, 660,
        660, 660, 660, 660, 660, 660, 660, 660, 660, 660, 660, 660, 660, 660,
        660, 660, 660, 660], device='cuda:0')
beam: tensor([[660, 660, 660, 660, 660, 660, 660, 660, 660, 660, 660, 660, 660, 660,
         660, 660, 660, 660, 660, 660, 660, 660, 660, 660, 660, 660, 660, 660,
         660, 660, 660, 660, 660, 660, 660, 660, 660, 660, 660, 660, 660, 660,
         660, 660, 660, 660, 660, 660, 660, 660, 660, 660, 660, 660, 660, 660,
         660, 660, 660, 660, 660, 660, 660, 660, 660, 660, 660, 660, 660, 660,
         660, 660, 660, 660, 660, 660, 660, 660, 660, 660, 660, 660, 660, 660,
         660, 660, 660, 660, 660, 660, 660, 660, 660, 660, 660, 660, 660, 660,
         660, 660]], device='cuda:0')
epoch: 42  completed
greedy: tensor([660, 660, 660, 660, 660, 660, 660, 660, 660, 660, 660, 660, 660, 660,
        660, 660, 660, 660, 660, 660, 660, 660, 660, 660, 660, 660, 660, 660,
        660, 660, 660, 660, 660, 660, 660, 660, 660, 660, 660, 660, 660, 660,
        660, 660, 660, 660, 660, 660, 660, 660, 660, 660, 660, 660, 660, 660,
        660, 660, 660, 660], device='cuda:0')
beam: tensor([[660, 660, 660, 660, 660, 660, 660, 660, 660, 660, 660, 660, 660, 660,
         660, 660, 660, 660, 660, 660, 660, 660, 660, 660, 660, 660, 660, 660,
         660, 660, 660, 660, 660, 660, 660, 660, 660, 660, 660, 660, 660, 660,
         660, 660, 660, 660, 660, 660, 660, 660, 660, 660, 660, 660, 660, 660,
         660, 660, 660, 660, 660, 660, 660, 660, 660, 660, 660, 660, 660, 660,
         660, 660, 660, 660, 660, 660, 660, 660, 660, 660, 660, 660, 660, 660,
         660, 660, 660, 660, 660, 660, 660, 660, 660, 660, 660, 660, 660, 660,
         660, 660]], device='cuda:0')
epoch: 43  completed
greedy: tensor([660, 660, 660, 660, 660, 660, 660, 660, 660, 660, 660, 660, 660, 660,
        660, 660, 660, 660, 660, 660, 660, 660, 660, 660, 660, 660, 660, 660,
        660, 660, 660, 660, 660, 660, 660, 660, 660, 660, 660, 660, 660, 660,
        660, 660, 660, 660, 660, 660, 660, 660, 660, 660, 660, 660, 660, 660,
        660, 660, 660, 660], device='cuda:0')
beam: tensor([[660, 660, 660, 660, 660, 660, 660, 660, 660, 660, 660, 660, 660, 660,
         660, 660, 660, 660, 660, 660, 660, 660, 660, 660, 660, 660, 660, 660,
         660, 660, 660, 660, 660, 660, 660, 660, 660, 660, 660, 660, 660, 660,
         660, 660, 660, 660, 660, 660, 660, 660, 660, 660, 660, 660, 660, 660,
         660, 660, 660, 660, 660, 660, 660, 660, 660, 660, 660, 660, 660, 660,
         660, 660, 660, 660, 660, 660, 660, 660, 660, 660, 660, 660, 660, 660,
         660, 660, 660, 660, 660, 660, 660, 660, 660, 660, 660, 660, 660, 660,
         660, 660]], device='cuda:0')
epoch: 44  completed
greedy: tensor([660, 660, 660, 660, 660, 660, 660, 660, 660, 660, 660, 660, 660, 660,
        660, 660, 660, 660, 660, 660, 660, 660, 660, 660, 660, 660, 660, 660,
        660, 660, 660, 660, 660, 660, 660, 660, 660, 660, 660, 660, 660, 660,
        660, 660, 660, 660, 660, 660, 660, 660, 660, 660, 660, 660, 660, 660,
        660, 660, 660, 660], device='cuda:0')
beam: tensor([[660, 660, 660, 660, 660, 660, 660, 660, 660, 660, 660, 660, 660, 660,
         660, 660, 660, 660, 660, 660, 660, 660, 660, 660, 660, 660, 660, 660,
         660, 660, 660, 660, 660, 660, 660, 660, 660, 660, 660, 660, 660, 660,
         660, 660, 660, 660, 660, 660, 660, 660, 660, 660, 660, 660, 660, 660,
         660, 660, 660, 660, 660, 660, 660, 660, 660, 660, 660, 660, 660, 660,
         660, 660, 660, 660, 660, 660, 660, 660, 660, 660, 660, 660, 660, 660,
         660, 660, 660, 660, 660, 660, 660, 660, 660, 660, 660, 660, 660, 660,
         660, 660]], device='cuda:0')
saving epoch 44
>>> Saving MODEL and VOCAB @ trained_models/seq2seq/seq2seq_optim_adam_0.001_ep50_d1109_t0416/ep.44_loss.0.0051.pth <<<
epoch: 45  completed
greedy: tensor([660, 660, 660, 660, 660, 660, 660, 660, 660, 660, 660, 660, 660, 660,
        660, 660, 660, 660, 660, 660, 660, 660, 660, 660, 660, 660, 660, 660,
        660, 660, 660, 660, 660, 660, 660, 660, 660, 660, 660, 660, 660, 660,
        660, 660, 660, 660, 660, 660, 660, 660, 660, 660, 660, 660, 660, 660,
        660, 660, 660, 660], device='cuda:0')
beam: tensor([[282, 282, 282, 282, 282, 282, 282, 282, 282, 282, 282, 282, 282, 282,
         282, 282, 282, 282, 282, 282, 282, 282, 282, 282, 282, 282, 282, 282,
         282, 282, 282, 282, 282, 282, 282, 282, 282, 282, 282, 282, 282, 282,
         282, 282, 282, 282, 282, 282, 282, 282, 282, 282, 282, 282, 282, 282,
         282, 282, 282, 282, 282, 282, 282, 282, 282, 282, 282, 282, 282, 282,
         282, 282, 282, 282, 282, 282, 282, 282, 282, 282, 282, 282, 282, 282,
         282, 282, 282, 282, 282, 282, 282, 282, 282, 282, 282, 282, 282, 282,
         282, 282]], device='cuda:0')
epoch: 46  completed
greedy: tensor([660, 660, 660, 660, 660, 660, 660, 660, 660, 660, 660, 660, 660, 660,
        660, 660, 660, 660, 660, 660, 660, 660, 660, 660, 660, 660, 660, 660,
        660, 660, 660, 660, 660, 660, 660, 660, 660, 660, 660, 660, 660, 660,
        660, 660, 660, 660, 660, 660, 660, 660, 660, 660, 660, 660, 660, 660,
        660, 660, 660, 660], device='cuda:0')
beam: tensor([[282, 282, 282, 282, 282, 282, 282, 282, 282, 282, 282, 282, 282, 282,
         282, 282, 282, 282, 282, 282, 282, 282, 282, 282, 282, 282, 282, 282,
         282, 282, 282, 282, 282, 282, 282, 282, 282, 282, 282, 282, 282, 282,
         282, 282, 282, 282, 282, 282, 282, 282, 282, 282, 282, 282, 282, 282,
         282, 282, 282, 282, 282, 282, 282, 282, 282, 282, 282, 282, 282, 282,
         282, 282, 282, 282, 282, 282, 282, 282, 282, 282, 282, 282, 282, 282,
         282, 282, 282, 282, 282, 282, 282, 282, 282, 282, 282, 282, 282, 282,
         282, 282]], device='cuda:0')
epoch: 47  completed
greedy: tensor([660, 660, 660, 660, 660, 660, 660, 660, 660, 660, 660, 660, 660, 660,
        660, 660, 660, 660, 660, 660, 660, 660, 660, 660, 660, 660, 660, 660,
        660, 660, 660, 660, 660, 660, 660, 660, 660, 660, 660, 660, 660, 660,
        660, 660, 660, 660, 660, 660, 660, 660, 660, 660, 660, 660, 660, 660,
        660, 660, 660, 660], device='cuda:0')
beam: tensor([[282, 282, 282, 282, 282, 282, 282, 282, 282, 282, 282, 282, 282, 282,
         282, 282, 282, 282, 282, 282, 282, 282, 282, 282, 282, 282, 282, 282,
         282, 282, 282, 282, 282, 282, 282, 282, 282, 282, 282, 282, 282, 282,
         282, 282, 282, 282, 282, 282, 282, 282, 282, 282, 282, 282, 282, 282,
         282, 282, 282, 282, 282, 282, 282, 282, 282, 282, 282, 282, 282, 282,
         282, 282, 282, 282, 282, 282, 282, 282, 282, 282, 282, 282, 282, 282,
         282, 282, 282, 282, 282, 282, 282, 282, 282, 282, 282, 282, 282, 282,
         282, 282]], device='cuda:0')
epoch: 48  completed
greedy: tensor([660, 660, 660, 660, 660, 660, 660, 660, 660, 660, 660, 660, 660, 660,
        660, 660, 660, 660, 660, 660, 660, 660, 660, 660, 660, 660, 660, 660,
        660, 660, 660, 660, 660, 660, 660, 660, 660, 660, 660, 660, 660, 660,
        660, 660, 660, 660, 660, 660, 660, 660, 660, 660, 660, 660, 660, 660,
        660, 660, 660, 660], device='cuda:0')
beam: tensor([[282, 282, 282, 282, 282, 282, 282, 282, 282, 282, 282, 282, 282, 282,
         282, 282, 282, 282, 282, 282, 282, 282, 282, 282, 282, 282, 282, 282,
         282, 282, 282, 282, 282, 282, 282, 282, 282, 282, 282, 282, 282, 282,
         282, 282, 282, 282, 282, 282, 282, 282, 282, 282, 282, 282, 282, 282,
         282, 282, 282, 282, 282, 282, 282, 282, 282, 282, 282, 282, 282, 282,
         282, 282, 282, 282, 282, 282, 282, 282, 282, 282, 282, 282, 282, 282,
         282, 282, 282, 282, 282, 282, 282, 282, 282, 282, 282, 282, 282, 282,
         282, 282]], device='cuda:0')
saving epoch 48
>>> Saving MODEL and VOCAB @ trained_models/seq2seq/seq2seq_optim_adam_0.001_ep50_d1109_t0416/ep.48_loss.0.0030.pth <<<
epoch: 49  completed
greedy: tensor([660, 660, 660, 660, 660, 660, 660, 660, 660, 660, 660, 660, 660, 660,
        660, 660, 660, 660, 660, 660, 660, 660, 660, 660, 660, 660, 660, 660,
        660, 660, 660, 660, 660, 660, 660, 660, 660, 660, 660, 660, 660, 660,
        660, 660, 660, 660, 660, 660, 660, 660, 660, 660, 660, 660, 660, 660,
        660, 660, 660, 660], device='cuda:0')
beam: tensor([[660, 660, 660, 660, 660, 660, 660, 660, 660, 660, 660, 660, 660, 660,
         660, 660, 660, 660, 660, 660, 660, 660, 660, 660, 660, 660, 660, 660,
         660, 660, 660, 660, 660, 660, 660, 660, 660, 660, 660, 660, 660, 660,
         660, 660, 660, 660, 660, 660, 660, 660, 660, 660, 660, 660, 660, 660,
         660, 660, 660, 660, 660, 660, 660, 660, 660, 660, 660, 660, 660, 660,
         660, 660, 660, 660, 660, 660, 660, 660, 660, 660, 660, 660, 660, 660,
         660, 660, 660, 660, 660, 660, 660, 660, 660, 660, 660, 660, 660, 660,
         660, 660]], device='cuda:0')
epoch: 50  completed
greedy: tensor([660, 660, 660, 660, 660, 660, 660, 660, 660, 660, 660, 660, 660, 660,
        660, 660, 660, 660, 660, 660, 660, 660, 660, 660, 660, 660, 660, 660,
        660, 660, 660, 660, 660, 660, 660, 660, 660, 660, 660, 660, 660, 660,
        660, 660, 660, 660, 660, 660, 660, 660, 660, 660, 660, 660, 660, 660,
        660, 660, 660, 660], device='cuda:0')
beam: tensor([[660, 660, 660, 660, 660, 660, 660, 660, 660, 660, 660, 660, 660, 660,
         660, 660, 660, 660, 660, 660, 660, 660, 660, 660, 660, 660, 660, 660,
         660, 660, 660, 660, 660, 660, 660, 660, 660, 660, 660, 660, 660, 660,
         660, 660, 660, 660, 660, 660, 660, 660, 660, 660, 660, 660, 660, 660,
         660, 660, 660, 660, 660, 660, 660, 660, 660, 660, 660, 660, 660, 660,
         660, 660, 660, 660, 660, 660, 660, 660, 660, 660, 660, 660, 660, 660,
         660, 660, 660, 660, 660, 660, 660, 660, 660, 660, 660, 660, 660, 660,
         660, 660]], device='cuda:0')
Traceback (most recent call last):
  File "main.py", line 63, in <module>
    Fire(Main)
  File "/home/ywjang/miniconda3/envs/write2u/lib/python3.7/site-packages/fire/core.py", line 138, in Fire
    component_trace = _Fire(component, args, parsed_flag_args, context, name)
  File "/home/ywjang/miniconda3/envs/write2u/lib/python3.7/site-packages/fire/core.py", line 471, in _Fire
    target=component.__name__)
  File "/home/ywjang/miniconda3/envs/write2u/lib/python3.7/site-packages/fire/core.py", line 675, in _CallAndUpdateTrace
    component = fn(*varargs, **kwargs)
  File "main.py", line 43, in train
    runtrain(args)
  File "/home/ywjang/miniconda3/envs/write2u/lib/python3.7/contextlib.py", line 119, in __exit__
    next(self.gen)
  File "/home/ywjang/seonil/papago_test/utils.py", line 114, in log_time_n_args
    with (args.log_path / f"{get_dirname_from_args(args)}.time").open(mode = 'w') as f:
TypeError: unsupported operand type(s) for /: 'str' and 'str'
