Start reading and get iterators 
Adam (
Parameter Group 0
    amsgrad: False
    betas: (0.9, 0.999)
    eps: 1e-08
    lr: 1
    weight_decay: 0
)
CELoss()
{'N': 6,
 '_training': True,
 'batchsize': 128,
 'beamsize': 4,
 'ckpt_path': PosixPath('trained_models'),
 'd_ff': 2048,
 'd_model': 512,
 'dataroot': PosixPath('data'),
 'debug': False,
 'device': 'cuda',
 'dropout': 0.3,
 'dropout_tr': 0.1,
 'eps': 1e-08,
 'factor': 0.5,
 'factor_tr': 2,
 'h': 8,
 'hidden_size': 256,
 'learning_rate': 1,
 'log_cmd': False,
 'log_path': 'log/seq2seq_optim_adam_1_ep50_d1109_t0311',
 'lr_tr': 0,
 'lrschedule': 'rop',
 'max_epoch': 100,
 'max_epochs': 50,
 'metrics': ['bleu', 'meteor', 'cider', 'rouge'],
 'min_lr': 1e-07,
 'mode': 'min',
 'model': 'seq2seq',
 'optimizer': 'adam',
 'patience': 2,
 'pretrained_ep': -1,
 'save_every': 4,
 'threshold': 0.0005,
 'threshold_mode': 'rel',
 'warmup': 4000,
 'word_drop': 0.05}
SOS, EOS, PAD tokens are as follows: (660, 661, 659)
MAX and MIN tokens = 658, 0
epoch: 1  completed
greedy: tensor([660, 660, 660, 660, 660, 660, 660, 660, 660, 660, 660, 660, 660, 660,
        660, 660, 660, 660, 660, 660, 660, 660, 660, 660, 660, 660, 660, 660,
        660, 660, 660, 660, 660, 660, 660, 660, 660, 660, 660, 660, 660, 660,
        660, 660, 660, 660, 660, 660, 660, 660, 660, 660, 660, 660, 660, 660,
        660, 660, 660, 660], device='cuda:0')
beam: tensor([[660, 660, 660, 660, 660, 660, 660, 660, 660, 660, 660, 660, 660, 660,
         660, 660, 660, 660, 660, 660, 660, 660, 660, 660, 660, 660, 660, 660,
         660, 660, 660, 660, 660, 660, 660, 660, 660, 660, 660, 660, 660, 660,
         660, 660, 660, 660, 660, 660, 660, 660, 660, 660, 660, 660, 660, 660,
         660, 660, 660, 660, 660, 660, 660, 660, 660, 660, 660, 660, 660, 660,
         660, 660, 660, 660, 660, 660, 660, 660, 660, 660, 660, 660, 660, 660,
         660, 660, 660, 660, 660, 660, 660, 660, 660, 660, 660, 660, 660, 660,
         660, 660]], device='cuda:0')
epoch: 2  completed
greedy: tensor([660, 660, 660, 660, 660, 660, 660, 660, 660, 660, 660, 660, 660, 660,
        660, 660, 660, 660, 660, 660, 660, 660, 660, 660, 660, 660, 660, 660,
        660, 660, 660, 660, 660, 660, 660, 660, 660, 660, 660, 660, 660, 660,
        660, 660, 660, 660, 660, 660, 660, 660, 660, 660, 660, 660, 660, 660,
        660, 660, 660, 660], device='cuda:0')
beam: tensor([[660, 660, 660, 660, 660, 660, 660, 660, 660, 660, 660, 660, 660, 660,
         660, 660, 660, 660, 660, 660, 660, 660, 660, 660, 660, 660, 660, 660,
         660, 660, 660, 660, 660, 660, 660, 660, 660, 660, 660, 660, 660, 660,
         660, 660, 660, 660, 660, 660, 660, 660, 660, 660, 660, 660, 660, 660,
         660, 660, 660, 660, 660, 660, 660, 660, 660, 660, 660, 660, 660, 660,
         660, 660, 660, 660, 660, 660, 660, 660, 660, 660, 660, 660, 660, 660,
         660, 660, 660, 660, 660, 660, 660, 660, 660, 660, 660, 660, 660, 660,
         660, 660]], device='cuda:0')
epoch: 3  completed
greedy: tensor([660, 660, 660, 660, 660, 660, 660, 660, 660, 660, 660, 660, 660, 660,
        660, 660, 660, 660, 660, 660, 660, 660, 660, 660, 660, 660, 660, 660,
        660, 660, 660, 660, 660, 660, 660, 660, 660, 660, 660, 660, 660, 660,
        660, 660, 660, 660, 660, 660, 660, 660, 660, 660, 660, 660, 660, 660,
        660, 660, 660, 660], device='cuda:0')
beam: tensor([[426, 152, 152, 152, 152, 152, 152, 152, 152, 152, 152, 152, 152, 152,
         152, 152, 152, 152, 152, 152, 152, 152, 152, 152, 152, 152, 152, 152,
         152, 152, 152, 152, 152, 152, 152, 152, 152, 152, 152, 152, 152, 152,
         152, 152, 152, 152, 152, 152, 152, 152, 152, 152, 152, 152, 152, 152,
         152, 152, 152, 152, 152, 152, 152, 152, 152, 152, 152, 152, 152, 152,
         152, 152, 152, 152, 152, 152, 152, 152, 152, 152, 152, 152, 152, 152,
         152, 152, 152, 152, 152, 152, 152, 152, 152, 152, 152, 152, 152, 152,
         152, 152]], device='cuda:0')
epoch: 4  completed
greedy: tensor([660, 660, 660, 660, 660, 660, 660, 660, 660, 660, 660, 660, 660, 660,
        660, 660, 660, 660, 660, 660, 660, 660, 660, 660, 660, 660, 660, 660,
        660, 660, 660, 660, 660, 660, 660, 660, 660, 660, 660, 660, 660, 660,
        660, 660, 660, 660, 660, 660, 660, 660, 660, 660, 660, 660, 660, 660,
        660, 660, 660, 660], device='cuda:0')
beam: tensor([[660, 660, 660, 660, 660, 660, 660, 660, 660, 660, 660, 660, 660, 660,
         660, 660, 660, 660, 660, 660, 660, 660, 660, 660, 660, 660, 660, 660,
         660, 660, 660, 660, 660, 660, 660, 660, 660, 660, 660, 660, 660, 660,
         660, 660, 660, 660, 660, 660, 660, 660, 660, 660, 660, 660, 660, 660,
         660, 660, 660, 660, 660, 660, 660, 660, 660, 660, 660, 660, 660, 660,
         660, 660, 660, 660, 660, 660, 660, 660, 660, 660, 660, 660, 660, 660,
         660, 660, 660, 660, 660, 660, 660, 660, 660, 660, 660, 660, 660, 660,
         660, 660]], device='cuda:0')
saving epoch 4
>>> Saving MODEL and VOCAB @ trained_models/seq2seq/seq2seq_optim_adam_1_ep50_d1109_t0311/ep.4_loss.9.7956.pth <<<
epoch: 5  completed
greedy: tensor([660, 660, 660, 660, 660, 660, 660, 660, 660, 660, 660, 660, 660, 660,
        660, 660, 660, 660, 660, 660, 660, 660, 660, 660, 660, 660, 660, 660,
        660, 660, 660, 660, 660, 660, 660, 660, 660, 660, 660, 660, 660, 660,
        660, 660, 660, 660, 660, 660, 660, 660, 660, 660, 660, 660, 660, 660,
        660, 660, 660, 660], device='cuda:0')
beam: tensor([[660, 660, 660, 660, 660, 660, 660, 660, 660, 660, 660, 660, 660, 660,
         660, 660, 660, 660, 660, 660, 660, 660, 660, 660, 660, 660, 660, 660,
         660, 660, 660, 660, 660, 660, 660, 660, 660, 660, 660, 660, 660, 660,
         660, 660, 660, 660, 660, 660, 660, 660, 660, 660, 660, 660, 660, 660,
         660, 660, 660, 660, 660, 660, 660, 660, 660, 660, 660, 660, 660, 660,
         660, 660, 660, 660, 660, 660, 660, 660, 660, 660, 660, 660, 660, 660,
         660, 660, 660, 660, 660, 660, 660, 660, 660, 660, 660, 660, 660, 660,
         660, 660]], device='cuda:0')
epoch: 6  completed
greedy: tensor([660, 660, 660, 660, 660, 660, 660, 660, 660, 660, 660, 660, 660, 660,
        660, 660, 660, 660, 660, 660, 660, 660, 660, 660, 660, 660, 660, 660,
        660, 660, 660, 660, 660, 660, 660, 660, 660, 660, 660, 660, 660, 660,
        660, 660, 660, 660, 660, 660, 660, 660, 660, 660, 660, 660, 660, 660,
        660, 660, 660, 660], device='cuda:0')
beam: tensor([[660, 660, 660, 660, 660, 660, 660, 660, 660, 660, 660, 660, 660, 660,
         660, 660, 660, 660, 660, 660, 660, 660, 660, 660, 660, 660, 660, 660,
         660, 660, 660, 660, 660, 660, 660, 660, 660, 660, 660, 660, 660, 660,
         660, 660, 660, 660, 660, 660, 660, 660, 660, 660, 660, 660, 660, 660,
         660, 660, 660, 660, 660, 660, 660, 660, 660, 660, 660, 660, 660, 660,
         660, 660, 660, 660, 660, 660, 660, 660, 660, 660, 660, 660, 660, 660,
         660, 660, 660, 660, 660, 660, 660, 660, 660, 660, 660, 660, 660, 660,
         660, 660]], device='cuda:0')
epoch: 7  completed
greedy: tensor([660, 660, 660, 660, 660, 660, 660, 660, 660, 660, 660, 660, 660, 660,
        660, 660, 660, 660, 660, 660, 660, 660, 660, 660, 660, 660, 660, 660,
        660, 660, 660, 660, 660, 660, 660, 660, 660, 660, 660, 660, 660, 660,
        660, 660, 660, 660, 660, 660, 660, 660, 660, 660, 660, 660, 660, 660,
        660, 660, 660, 660], device='cuda:0')
beam: tensor([[660, 660, 660, 660, 660, 660, 660, 660, 660, 660, 660, 660, 660, 660,
         660, 660, 660, 660, 660, 660, 660, 660, 660, 660, 660, 660, 660, 660,
         660, 660, 660, 660, 660, 660, 660, 660, 660, 660, 660, 660, 660, 660,
         660, 660, 660, 660, 660, 660, 660, 660, 660, 660, 660, 660, 660, 660,
         660, 660, 660, 660, 660, 660, 660, 660, 660, 660, 660, 660, 660, 660,
         660, 660, 660, 660, 660, 660, 660, 660, 660, 660, 660, 660, 660, 660,
         660, 660, 660, 660, 660, 660, 660, 660, 660, 660, 660, 660, 660, 660,
         660, 660]], device='cuda:0')
epoch: 8  completed
greedy: tensor([660, 660, 660, 660, 660, 660, 660, 660, 660, 660, 660, 660, 660, 660,
        660, 660, 660, 660, 660, 660, 660, 660, 660, 660, 660, 660, 660, 660,
        660, 660, 660, 660, 660, 660, 660, 660, 660, 660, 660, 660, 660, 660,
        660, 660, 660, 660, 660, 660, 660, 660, 660, 660, 660, 660, 660, 660,
        660, 660, 660, 660], device='cuda:0')
beam: tensor([[660, 660, 660, 660, 660, 660, 660, 660, 660, 660, 660, 660, 660, 660,
         660, 660, 660, 660, 660, 660, 660, 660, 660, 660, 660, 660, 660, 660,
         660, 660, 660, 660, 660, 660, 660, 660, 660, 660, 660, 660, 660, 660,
         660, 660, 660, 660, 660, 660, 660, 660, 660, 660, 660, 660, 660, 660,
         660, 660, 660, 660, 660, 660, 660, 660, 660, 660, 660, 660, 660, 660,
         660, 660, 660, 660, 660, 660, 660, 660, 660, 660, 660, 660, 660, 660,
         660, 660, 660, 660, 660, 660, 660, 660, 660, 660, 660, 660, 660, 660,
         660, 660]], device='cuda:0')
saving epoch 8
>>> Saving MODEL and VOCAB @ trained_models/seq2seq/seq2seq_optim_adam_1_ep50_d1109_t0311/ep.8_loss.4.9898.pth <<<
epoch: 9  completed
greedy: tensor([660, 660, 660, 660, 660, 660, 660, 660, 660, 660, 660, 660, 660, 660,
        660, 660, 660, 660, 660, 660, 660, 660, 660, 660, 660, 660, 660, 660,
        660, 660, 660, 660, 660, 660, 660, 660, 660, 660, 660, 660, 660, 660,
        660, 660, 660, 660, 660, 660, 660, 660, 660, 660, 660, 660, 660, 660,
        660, 660, 660, 660], device='cuda:0')
beam: tensor([[660, 660, 660, 660, 660, 660, 660, 660, 660, 660, 660, 660, 660, 660,
         660, 660, 660, 660, 660, 660, 660, 660, 660, 660, 660, 660, 660, 660,
         660, 660, 660, 660, 660, 660, 660, 660, 660, 660, 660, 660, 660, 660,
         660, 660, 660, 660, 660, 660, 660, 660, 660, 660, 660, 660, 660, 660,
         660, 660, 660, 660, 660, 660, 660, 660, 660, 660, 660, 660, 660, 660,
         660, 660, 660, 660, 660, 660, 660, 660, 660, 660, 660, 660, 660, 660,
         660, 660, 660, 660, 660, 660, 660, 660, 660, 660, 660, 660, 660, 660,
         660, 660]], device='cuda:0')
epoch: 10  completed
greedy: tensor([660, 660, 660, 660, 660, 660, 660, 660, 660, 660, 660, 660, 660, 660,
        660, 660, 660, 660, 660, 660, 660, 660, 660, 660, 660, 660, 660, 660,
        660, 660, 660, 660, 660, 660, 660, 660, 660, 660, 660, 660, 660, 660,
        660, 660, 660, 660, 660, 660, 660, 660, 660, 660, 660, 660, 660, 660,
        660, 660, 660, 660], device='cuda:0')
beam: tensor([[660, 660, 660, 660, 660, 660, 660, 660, 660, 660, 660, 660, 660, 660,
         660, 660, 660, 660, 660, 660, 660, 660, 660, 660, 660, 660, 660, 660,
         660, 660, 660, 660, 660, 660, 660, 660, 660, 660, 660, 660, 660, 660,
         660, 660, 660, 660, 660, 660, 660, 660, 660, 660, 660, 660, 660, 660,
         660, 660, 660, 660, 660, 660, 660, 660, 660, 660, 660, 660, 660, 660,
         660, 660, 660, 660, 660, 660, 660, 660, 660, 660, 660, 660, 660, 660,
         660, 660, 660, 660, 660, 660, 660, 660, 660, 660, 660, 660, 660, 660,
         660, 660]], device='cuda:0')
epoch: 11  completed
greedy: tensor([660, 660, 660, 660, 660, 660, 660, 660, 660, 660, 660, 660, 660, 660,
        660, 660, 660, 660, 660, 660, 660, 660, 660, 660, 660, 660, 660, 660,
        660, 660, 660, 660, 660, 660, 660, 660, 660, 660, 660, 660, 660, 660,
        660, 660, 660, 660, 660, 660, 660, 660, 660, 660, 660, 660, 660, 660,
        660, 660, 660, 660], device='cuda:0')
beam: tensor([[660, 660, 660, 660, 660, 660, 660, 660, 660, 660, 660, 660, 660, 660,
         660, 660, 660, 660, 660, 660, 660, 660, 660, 660, 660, 660, 660, 660,
         660, 660, 660, 660, 660, 660, 660, 660, 660, 660, 660, 660, 660, 660,
         660, 660, 660, 660, 660, 660, 660, 660, 660, 660, 660, 660, 660, 660,
         660, 660, 660, 660, 660, 660, 660, 660, 660, 660, 660, 660, 660, 660,
         660, 660, 660, 660, 660, 660, 660, 660, 660, 660, 660, 660, 660, 660,
         660, 660, 660, 660, 660, 660, 660, 660, 660, 660, 660, 660, 660, 660,
         660, 660]], device='cuda:0')
epoch: 12  completed
greedy: tensor([660, 660, 660, 660, 660, 660, 660, 660, 660, 660, 660, 660, 660, 660,
        660, 660, 660, 660, 660, 660, 660, 660, 660, 660, 660, 660, 660, 660,
        660, 660, 660, 660, 660, 660, 660, 660, 660, 660, 660, 660, 660, 660,
        660, 660, 660, 660, 660, 660, 660, 660, 660, 660, 660, 660, 660, 660,
        660, 660, 660, 660], device='cuda:0')
beam: tensor([[660, 660, 660, 660, 660, 660, 660, 660, 660, 660, 660, 660, 660, 660,
         660, 660, 660, 660, 660, 660, 660, 660, 660, 660, 660, 660, 660, 660,
         660, 660, 660, 660, 660, 660, 660, 660, 660, 660, 660, 660, 660, 660,
         660, 660, 660, 660, 660, 660, 660, 660, 660, 660, 660, 660, 660, 660,
         660, 660, 660, 660, 660, 660, 660, 660, 660, 660, 660, 660, 660, 660,
         660, 660, 660, 660, 660, 660, 660, 660, 660, 660, 660, 660, 660, 660,
         660, 660, 660, 660, 660, 660, 660, 660, 660, 660, 660, 660, 660, 660,
         660, 660]], device='cuda:0')
saving epoch 12
>>> Saving MODEL and VOCAB @ trained_models/seq2seq/seq2seq_optim_adam_1_ep50_d1109_t0311/ep.12_loss.3.9029.pth <<<
epoch: 13  completed
greedy: tensor([660, 660, 660, 660, 660, 660, 660, 660, 660, 660, 660, 660, 660, 660,
        660, 660, 660, 660, 660, 660, 660, 660, 660, 660, 660, 660, 660, 660,
        660, 660, 660, 660, 660, 660, 660, 660, 660, 660, 660, 660, 660, 660,
        660, 660, 660, 660, 660, 660, 660, 660, 660, 660, 660, 660, 660, 660,
        660, 660, 660, 660], device='cuda:0')
beam: tensor([[660, 660, 660, 660, 660, 660, 660, 660, 660, 660, 660, 660, 660, 660,
         660, 660, 660, 660, 660, 660, 660, 660, 660, 660, 660, 660, 660, 660,
         660, 660, 660, 660, 660, 660, 660, 660, 660, 660, 660, 660, 660, 660,
         660, 660, 660, 660, 660, 660, 660, 660, 660, 660, 660, 660, 660, 660,
         660, 660, 660, 660, 660, 660, 660, 660, 660, 660, 660, 660, 660, 660,
         660, 660, 660, 660, 660, 660, 660, 660, 660, 660, 660, 660, 660, 660,
         660, 660, 660, 660, 660, 660, 660, 660, 660, 660, 660, 660, 660, 660,
         660, 660]], device='cuda:0')
epoch: 14  completed
greedy: tensor([660, 660, 660, 660, 660, 660, 660, 660, 660, 660, 660, 660, 660, 660,
        660, 660, 660, 660, 660, 660, 660, 660, 660, 660, 660, 660, 660, 660,
        660, 660, 660, 660, 660, 660, 660, 660, 660, 660, 660, 660, 660, 660,
        660, 660, 660, 660, 660, 660, 660, 660, 660, 660, 660, 660, 660, 660,
        660, 660, 660, 660], device='cuda:0')
beam: tensor([[660, 660, 660, 660, 660, 660, 660, 660, 660, 660, 660, 660, 660, 660,
         660, 660, 660, 660, 660, 660, 660, 660, 660, 660, 660, 660, 660, 660,
         660, 660, 660, 660, 660, 660, 660, 660, 660, 660, 660, 660, 660, 660,
         660, 660, 660, 660, 660, 660, 660, 660, 660, 660, 660, 660, 660, 660,
         660, 660, 660, 660, 660, 660, 660, 660, 660, 660, 660, 660, 660, 660,
         660, 660, 660, 660, 660, 660, 660, 660, 660, 660, 660, 660, 660, 660,
         660, 660, 660, 660, 660, 660, 660, 660, 660, 660, 660, 660, 660, 660,
         660, 660]], device='cuda:0')
epoch: 15  completed
greedy: tensor([660, 660, 660, 660, 660, 660, 660, 660, 660, 660, 660, 660, 660, 660,
        660, 660, 660, 660, 660, 660, 660, 660, 660, 660, 660, 660, 660, 660,
        660, 660, 660, 660, 660, 660, 660, 660, 660, 660, 660, 660, 660, 660,
        660, 660, 660, 660, 660, 660, 660, 660, 660, 660, 660, 660, 660, 660,
        660, 660, 660, 660], device='cuda:0')
beam: tensor([[660, 660, 660, 660, 660, 660, 660, 660, 660, 660, 660, 660, 660, 660,
         660, 660, 660, 660, 660, 660, 660, 660, 660, 660, 660, 660, 660, 660,
         660, 660, 660, 660, 660, 660, 660, 660, 660, 660, 660, 660, 660, 660,
         660, 660, 660, 660, 660, 660, 660, 660, 660, 660, 660, 660, 660, 660,
         660, 660, 660, 660, 660, 660, 660, 660, 660, 660, 660, 660, 660, 660,
         660, 660, 660, 660, 660, 660, 660, 660, 660, 660, 660, 660, 660, 660,
         660, 660, 660, 660, 660, 660, 660, 660, 660, 660, 660, 660, 660, 660,
         660, 660]], device='cuda:0')
epoch: 16  completed
greedy: tensor([660, 660, 660, 660, 660, 660, 660, 660, 660, 660, 660, 660, 660, 660,
        660, 660, 660, 660, 660, 660, 660, 660, 660, 660, 660, 660, 660, 660,
        660, 660, 660, 660, 660, 660, 660, 660, 660, 660, 660, 660, 660, 660,
        660, 660, 660, 660, 660, 660, 660, 660, 660, 660, 660, 660, 660, 660,
        660, 660, 660, 660], device='cuda:0')
beam: tensor([[660, 660, 660, 660, 660, 660, 660, 660, 660, 660, 660, 660, 660, 660,
         660, 660, 660, 660, 660, 660, 660, 660, 660, 660, 660, 660, 660, 660,
         660, 660, 660, 660, 660, 660, 660, 660, 660, 660, 660, 660, 660, 660,
         660, 660, 660, 660, 660, 660, 660, 660, 660, 660, 660, 660, 660, 660,
         660, 660, 660, 660, 660, 660, 660, 660, 660, 660, 660, 660, 660, 660,
         660, 660, 660, 660, 660, 660, 660, 660, 660, 660, 660, 660, 660, 660,
         660, 660, 660, 660, 660, 660, 660, 660, 660, 660, 660, 660, 660, 660,
         660, 660]], device='cuda:0')
saving epoch 16
>>> Saving MODEL and VOCAB @ trained_models/seq2seq/seq2seq_optim_adam_1_ep50_d1109_t0311/ep.16_loss.2.6523.pth <<<
epoch: 17  completed
greedy: tensor([660, 660, 660, 660, 660, 660, 660, 660, 660, 660, 660, 660, 660, 660,
        660, 660, 660, 660, 660, 660, 660, 660, 660, 660, 660, 660, 660, 660,
        660, 660, 660, 660, 660, 660, 660, 660, 660, 660, 660, 660, 660, 660,
        660, 660, 660, 660, 660, 660, 660, 660, 660, 660, 660, 660, 660, 660,
        660, 660, 660, 660], device='cuda:0')
beam: tensor([[660, 660, 660, 660, 660, 660, 660, 660, 660, 660, 660, 660, 660, 660,
         660, 660, 660, 660, 660, 660, 660, 660, 660, 660, 660, 660, 660, 660,
         660, 660, 660, 660, 660, 660, 660, 660, 660, 660, 660, 660, 660, 660,
         660, 660, 660, 660, 660, 660, 660, 660, 660, 660, 660, 660, 660, 660,
         660, 660, 660, 660, 660, 660, 660, 660, 660, 660, 660, 660, 660, 660,
         660, 660, 660, 660, 660, 660, 660, 660, 660, 660, 660, 660, 660, 660,
         660, 660, 660, 660, 660, 660, 660, 660, 660, 660, 660, 660, 660, 660,
         660, 660]], device='cuda:0')
epoch: 18  completed
greedy: tensor([660, 660, 660, 660, 660, 660, 660, 660, 660, 660, 660, 660, 660, 660,
        660, 660, 660, 660, 660, 660, 660, 660, 660, 660, 660, 660, 660, 660,
        660, 660, 660, 660, 660, 660, 660, 660, 660, 660, 660, 660, 660, 660,
        660, 660, 660, 660, 660, 660, 660, 660, 660, 660, 660, 660, 660, 660,
        660, 660, 660, 660], device='cuda:0')
beam: tensor([[660, 660, 660, 660, 660, 660, 660, 660, 660, 660, 660, 660, 660, 660,
         660, 660, 660, 660, 660, 660, 660, 660, 660, 660, 660, 660, 660, 660,
         660, 660, 660, 660, 660, 660, 660, 660, 660, 660, 660, 660, 660, 660,
         660, 660, 660, 660, 660, 660, 660, 660, 660, 660, 660, 660, 660, 660,
         660, 660, 660, 660, 660, 660, 660, 660, 660, 660, 660, 660, 660, 660,
         660, 660, 660, 660, 660, 660, 660, 660, 660, 660, 660, 660, 660, 660,
         660, 660, 660, 660, 660, 660, 660, 660, 660, 660, 660, 660, 660, 660,
         660, 660]], device='cuda:0')
epoch: 19  completed
greedy: tensor([660, 660, 660, 660, 660, 660, 660, 660, 660, 660, 660, 660, 660, 660,
        660, 660, 660, 660, 660, 660, 660, 660, 660, 660, 660, 660, 660, 660,
        660, 660, 660, 660, 660, 660, 660, 660, 660, 660, 660, 660, 660, 660,
        660, 660, 660, 660, 660, 660, 660, 660, 660, 660, 660, 660, 660, 660,
        660, 660, 660, 660], device='cuda:0')
beam: tensor([[660, 660, 660, 660, 660, 660, 660, 660, 660, 660, 660, 660, 660, 660,
         660, 660, 660, 660, 660, 660, 660, 660, 660, 660, 660, 660, 660, 660,
         660, 660, 660, 660, 660, 660, 660, 660, 660, 660, 660, 660, 660, 660,
         660, 660, 660, 660, 660, 660, 660, 660, 660, 660, 660, 660, 660, 660,
         660, 660, 660, 660, 660, 660, 660, 660, 660, 660, 660, 660, 660, 660,
         660, 660, 660, 660, 660, 660, 660, 660, 660, 660, 660, 660, 660, 660,
         660, 660, 660, 660, 660, 660, 660, 660, 660, 660, 660, 660, 660, 660,
         660, 660]], device='cuda:0')
epoch: 20  completed
greedy: tensor([660, 660, 660, 660, 660, 660, 660, 660, 660, 660, 660, 660, 660, 660,
        660, 660, 660, 660, 660, 660, 660, 660, 660, 660, 660, 660, 660, 660,
        660, 660, 660, 660, 660, 660, 660, 660, 660, 660, 660, 660, 660, 660,
        660, 660, 660, 660, 660, 660, 660, 660, 660, 660, 660, 660, 660, 660,
        660, 660, 660, 660], device='cuda:0')
beam: tensor([[660, 660, 660, 660, 660, 660, 660, 660, 660, 660, 660, 660, 660, 660,
         660, 660, 660, 660, 660, 660, 660, 660, 660, 660, 660, 660, 660, 660,
         660, 660, 660, 660, 660, 660, 660, 660, 660, 660, 660, 660, 660, 660,
         660, 660, 660, 660, 660, 660, 660, 660, 660, 660, 660, 660, 660, 660,
         660, 660, 660, 660, 660, 660, 660, 660, 660, 660, 660, 660, 660, 660,
         660, 660, 660, 660, 660, 660, 660, 660, 660, 660, 660, 660, 660, 660,
         660, 660, 660, 660, 660, 660, 660, 660, 660, 660, 660, 660, 660, 660,
         660, 660]], device='cuda:0')
saving epoch 20
>>> Saving MODEL and VOCAB @ trained_models/seq2seq/seq2seq_optim_adam_1_ep50_d1109_t0311/ep.20_loss.2.3469.pth <<<
epoch: 21  completed
greedy: tensor([660, 660, 660, 660, 660, 660, 660, 660, 660, 660, 660, 660, 660, 660,
        660, 660, 660, 660, 660, 660, 660, 660, 660, 660, 660, 660, 660, 660,
        660, 660, 660, 660, 660, 660, 660, 660, 660, 660, 660, 660, 660, 660,
        660, 660, 660, 660, 660, 660, 660, 660, 660, 660, 660, 660, 660, 660,
        660, 660, 660, 660], device='cuda:0')
beam: tensor([[660, 660, 660, 660, 660, 660, 660, 660, 660, 660, 660, 660, 660, 660,
         660, 660, 660, 660, 660, 660, 660, 660, 660, 660, 660, 660, 660, 660,
         660, 660, 660, 660, 660, 660, 660, 660, 660, 660, 660, 660, 660, 660,
         660, 660, 660, 660, 660, 660, 660, 660, 660, 660, 660, 660, 660, 660,
         660, 660, 660, 660, 660, 660, 660, 660, 660, 660, 660, 660, 660, 660,
         660, 660, 660, 660, 660, 660, 660, 660, 660, 660, 660, 660, 660, 660,
         660, 660, 660, 660, 660, 660, 660, 660, 660, 660, 660, 660, 660, 660,
         660, 660]], device='cuda:0')
epoch: 22  completed
greedy: tensor([660, 660, 660, 660, 660, 660, 660, 660, 660, 660, 660, 660, 660, 660,
        660, 660, 660, 660, 660, 660, 660, 660, 660, 660, 660, 660, 660, 660,
        660, 660, 660, 660, 660, 660, 660, 660, 660, 660, 660, 660, 660, 660,
        660, 660, 660, 660, 660, 660, 660, 660, 660, 660, 660, 660, 660, 660,
        660, 660, 660, 660], device='cuda:0')
beam: tensor([[660, 660, 660, 660, 660, 660, 660, 660, 660, 660, 660, 660, 660, 660,
         660, 660, 660, 660, 660, 660, 660, 660, 660, 660, 660, 660, 660, 660,
         660, 660, 660, 660, 660, 660, 660, 660, 660, 660, 660, 660, 660, 660,
         660, 660, 660, 660, 660, 660, 660, 660, 660, 660, 660, 660, 660, 660,
         660, 660, 660, 660, 660, 660, 660, 660, 660, 660, 660, 660, 660, 660,
         660, 660, 660, 660, 660, 660, 660, 660, 660, 660, 660, 660, 660, 660,
         660, 660, 660, 660, 660, 660, 660, 660, 660, 660, 660, 660, 660, 660,
         660, 660]], device='cuda:0')
epoch: 23  completed
greedy: tensor([660, 660, 660, 660, 660, 660, 660, 660, 660, 660, 660, 660, 660, 660,
        660, 660, 660, 660, 660, 660, 660, 660, 660, 660, 660, 660, 660, 660,
        660, 660, 660, 660, 660, 660, 660, 660, 660, 660, 660, 660, 660, 660,
        660, 660, 660, 660, 660, 660, 660, 660, 660, 660, 660, 660, 660, 660,
        660, 660, 660, 660], device='cuda:0')
beam: tensor([[660, 660, 660, 660, 660, 660, 660, 660, 660, 660, 660, 660, 660, 660,
         660, 660, 660, 660, 660, 660, 660, 660, 660, 660, 660, 660, 660, 660,
         660, 660, 660, 660, 660, 660, 660, 660, 660, 660, 660, 660, 660, 660,
         660, 660, 660, 660, 660, 660, 660, 660, 660, 660, 660, 660, 660, 660,
         660, 660, 660, 660, 660, 660, 660, 660, 660, 660, 660, 660, 660, 660,
         660, 660, 660, 660, 660, 660, 660, 660, 660, 660, 660, 660, 660, 660,
         660, 660, 660, 660, 660, 660, 660, 660, 660, 660, 660, 660, 660, 660,
         660, 660]], device='cuda:0')
epoch: 24  completed
greedy: tensor([660, 660, 660, 660, 660, 660, 660, 660, 660, 660, 660, 660, 660, 660,
        660, 660, 660, 660, 660, 660, 660, 660, 660, 660, 660, 660, 660, 660,
        660, 660, 660, 660, 660, 660, 660, 660, 660, 660, 660, 660, 660, 660,
        660, 660, 660, 660, 660, 660, 660, 660, 660, 660, 660, 660, 660, 660,
        660, 660, 660, 660], device='cuda:0')
beam: tensor([[660, 660, 660, 660, 660, 660, 660, 660, 660, 660, 660, 660, 660, 660,
         660, 660, 660, 660, 660, 660, 660, 660, 660, 660, 660, 660, 660, 660,
         660, 660, 660, 660, 660, 660, 660, 660, 660, 660, 660, 660, 660, 660,
         660, 660, 660, 660, 660, 660, 660, 660, 660, 660, 660, 660, 660, 660,
         660, 660, 660, 660, 660, 660, 660, 660, 660, 660, 660, 660, 660, 660,
         660, 660, 660, 660, 660, 660, 660, 660, 660, 660, 660, 660, 660, 660,
         660, 660, 660, 660, 660, 660, 660, 660, 660, 660, 660, 660, 660, 660,
         660, 660]], device='cuda:0')
saving epoch 24
>>> Saving MODEL and VOCAB @ trained_models/seq2seq/seq2seq_optim_adam_1_ep50_d1109_t0311/ep.24_loss.1.8127.pth <<<
epoch: 25  completed
greedy: tensor([660, 660, 660, 660, 660, 660, 660, 660, 660, 660, 660, 660, 660, 660,
        660, 660, 660, 660, 660, 660, 660, 660, 660, 660, 660, 660, 660, 660,
        660, 660, 660, 660, 660, 660, 660, 660, 660, 660, 660, 660, 660, 660,
        660, 660, 660, 660, 660, 660, 660, 660, 660, 660, 660, 660, 660, 660,
        660, 660, 660, 660], device='cuda:0')
beam: tensor([[660, 660, 660, 660, 660, 660, 660, 660, 660, 660, 660, 660, 660, 660,
         660, 660, 660, 660, 660, 660, 660, 660, 660, 660, 660, 660, 660, 660,
         660, 660, 660, 660, 660, 660, 660, 660, 660, 660, 660, 660, 660, 660,
         660, 660, 660, 660, 660, 660, 660, 660, 660, 660, 660, 660, 660, 660,
         660, 660, 660, 660, 660, 660, 660, 660, 660, 660, 660, 660, 660, 660,
         660, 660, 660, 660, 660, 660, 660, 660, 660, 660, 660, 660, 660, 660,
         660, 660, 660, 660, 660, 660, 660, 660, 660, 660, 660, 660, 660, 660,
         660, 660]], device='cuda:0')
epoch: 26  completed
greedy: tensor([660, 660, 660, 660, 660, 660, 660, 660, 660, 660, 660, 660, 660, 660,
        660, 660, 660, 660, 660, 660, 660, 660, 660, 660, 660, 660, 660, 660,
        660, 660, 660, 660, 660, 660, 660, 660, 660, 660, 660, 660, 660, 660,
        660, 660, 660, 660, 660, 660, 660, 660, 660, 660, 660, 660, 660, 660,
        660, 660, 660, 660], device='cuda:0')
beam: tensor([[660, 660, 660, 660, 660, 660, 660, 660, 660, 660, 660, 660, 660, 660,
         660, 660, 660, 660, 660, 660, 660, 660, 660, 660, 660, 660, 660, 660,
         660, 660, 660, 660, 660, 660, 660, 660, 660, 660, 660, 660, 660, 660,
         660, 660, 660, 660, 660, 660, 660, 660, 660, 660, 660, 660, 660, 660,
         660, 660, 660, 660, 660, 660, 660, 660, 660, 660, 660, 660, 660, 660,
         660, 660, 660, 660, 660, 660, 660, 660, 660, 660, 660, 660, 660, 660,
         660, 660, 660, 660, 660, 660, 660, 660, 660, 660, 660, 660, 660, 660,
         660, 660]], device='cuda:0')
epoch: 27  completed
greedy: tensor([660, 660, 660, 660, 660, 660, 660, 660, 660, 660, 660, 660, 660, 660,
        660, 660, 660, 660, 660, 660, 660, 660, 660, 660, 660, 660, 660, 660,
        660, 660, 660, 660, 660, 660, 660, 660, 660, 660, 660, 660, 660, 660,
        660, 660, 660, 660, 660, 660, 660, 660, 660, 660, 660, 660, 660, 660,
        660, 660, 660, 660], device='cuda:0')
beam: tensor([[660, 660, 660, 660, 660, 660, 660, 660, 660, 660, 660, 660, 660, 660,
         660, 660, 660, 660, 660, 660, 660, 660, 660, 660, 660, 660, 660, 660,
         660, 660, 660, 660, 660, 660, 660, 660, 660, 660, 660, 660, 660, 660,
         660, 660, 660, 660, 660, 660, 660, 660, 660, 660, 660, 660, 660, 660,
         660, 660, 660, 660, 660, 660, 660, 660, 660, 660, 660, 660, 660, 660,
         660, 660, 660, 660, 660, 660, 660, 660, 660, 660, 660, 660, 660, 660,
         660, 660, 660, 660, 660, 660, 660, 660, 660, 660, 660, 660, 660, 660,
         660, 660]], device='cuda:0')
epoch: 28  completed
greedy: tensor([660, 660, 660, 660, 660, 660, 660, 660, 660, 660, 660, 660, 660, 660,
        660, 660, 660, 660, 660, 660, 660, 660, 660, 660, 660, 660, 660, 660,
        660, 660, 660, 660, 660, 660, 660, 660, 660, 660, 660, 660, 660, 660,
        660, 660, 660, 660, 660, 660, 660, 660, 660, 660, 660, 660, 660, 660,
        660, 660, 660, 660], device='cuda:0')
beam: tensor([[660, 660, 660, 660, 660, 660, 660, 660, 660, 660, 660, 660, 660, 660,
         660, 660, 660, 660, 660, 660, 660, 660, 660, 660, 660, 660, 660, 660,
         660, 660, 660, 660, 660, 660, 660, 660, 660, 660, 660, 660, 660, 660,
         660, 660, 660, 660, 660, 660, 660, 660, 660, 660, 660, 660, 660, 660,
         660, 660, 660, 660, 660, 660, 660, 660, 660, 660, 660, 660, 660, 660,
         660, 660, 660, 660, 660, 660, 660, 660, 660, 660, 660, 660, 660, 660,
         660, 660, 660, 660, 660, 660, 660, 660, 660, 660, 660, 660, 660, 660,
         660, 660]], device='cuda:0')
saving epoch 28
>>> Saving MODEL and VOCAB @ trained_models/seq2seq/seq2seq_optim_adam_1_ep50_d1109_t0311/ep.28_loss.3.0533.pth <<<
epoch: 29  completed
greedy: tensor([660, 660, 660, 660, 660, 660, 660, 660, 660, 660, 660, 660, 660, 660,
        660, 660, 660, 660, 660, 660, 660, 660, 660, 660, 660, 660, 660, 660,
        660, 660, 660, 660, 660, 660, 660, 660, 660, 660, 660, 660, 660, 660,
        660, 660, 660, 660, 660, 660, 660, 660, 660, 660, 660, 660, 660, 660,
        660, 660, 660, 660], device='cuda:0')
beam: tensor([[660, 660, 660, 660, 660, 660, 660, 660, 660, 660, 660, 660, 660, 660,
         660, 660, 660, 660, 660, 660, 660, 660, 660, 660, 660, 660, 660, 660,
         660, 660, 660, 660, 660, 660, 660, 660, 660, 660, 660, 660, 660, 660,
         660, 660, 660, 660, 660, 660, 660, 660, 660, 660, 660, 660, 660, 660,
         660, 660, 660, 660, 660, 660, 660, 660, 660, 660, 660, 660, 660, 660,
         660, 660, 660, 660, 660, 660, 660, 660, 660, 660, 660, 660, 660, 660,
         660, 660, 660, 660, 660, 660, 660, 660, 660, 660, 660, 660, 660, 660,
         660, 660]], device='cuda:0')
epoch: 30  completed
greedy: tensor([660, 660, 660, 660, 660, 660, 660, 660, 660, 660, 660, 660, 660, 660,
        660, 660, 660, 660, 660, 660, 660, 660, 660, 660, 660, 660, 660, 660,
        660, 660, 660, 660, 660, 660, 660, 660, 660, 660, 660, 660, 660, 660,
        660, 660, 660, 660, 660, 660, 660, 660, 660, 660, 660, 660, 660, 660,
        660, 660, 660, 660], device='cuda:0')
beam: tensor([[660, 660, 660, 660, 660, 660, 660, 660, 660, 660, 660, 660, 660, 660,
         660, 660, 660, 660, 660, 660, 660, 660, 660, 660, 660, 660, 660, 660,
         660, 660, 660, 660, 660, 660, 660, 660, 660, 660, 660, 660, 660, 660,
         660, 660, 660, 660, 660, 660, 660, 660, 660, 660, 660, 660, 660, 660,
         660, 660, 660, 660, 660, 660, 660, 660, 660, 660, 660, 660, 660, 660,
         660, 660, 660, 660, 660, 660, 660, 660, 660, 660, 660, 660, 660, 660,
         660, 660, 660, 660, 660, 660, 660, 660, 660, 660, 660, 660, 660, 660,
         660, 660]], device='cuda:0')
epoch: 31  completed
greedy: tensor([660, 660, 660, 660, 660, 660, 660, 660, 660, 660, 660, 660, 660, 660,
        660, 660, 660, 660, 660, 660, 660, 660, 660, 660, 660, 660, 660, 660,
        660, 660, 660, 660, 660, 660, 660, 660, 660, 660, 660, 660, 660, 660,
        660, 660, 660, 660, 660, 660, 660, 660, 660, 660, 660, 660, 660, 660,
        660, 660, 660, 660], device='cuda:0')
beam: tensor([[660, 660, 660, 660, 660, 660, 660, 660, 660, 660, 660, 660, 660, 660,
         660, 660, 660, 660, 660, 660, 660, 660, 660, 660, 660, 660, 660, 660,
         660, 660, 660, 660, 660, 660, 660, 660, 660, 660, 660, 660, 660, 660,
         660, 660, 660, 660, 660, 660, 660, 660, 660, 660, 660, 660, 660, 660,
         660, 660, 660, 660, 660, 660, 660, 660, 660, 660, 660, 660, 660, 660,
         660, 660, 660, 660, 660, 660, 660, 660, 660, 660, 660, 660, 660, 660,
         660, 660, 660, 660, 660, 660, 660, 660, 660, 660, 660, 660, 660, 660,
         660, 660]], device='cuda:0')
epoch: 32  completed
greedy: tensor([660, 660, 660, 660, 660, 660, 660, 660, 660, 660, 660, 660, 660, 660,
        660, 660, 660, 660, 660, 660, 660, 660, 660, 660, 660, 660, 660, 660,
        660, 660, 660, 660, 660, 660, 660, 660, 660, 660, 660, 660, 660, 660,
        660, 660, 660, 660, 660, 660, 660, 660, 660, 660, 660, 660, 660, 660,
        660, 660, 660, 660], device='cuda:0')
beam: tensor([[660, 660, 660, 660, 660, 660, 660, 660, 660, 660, 660, 660, 660, 660,
         660, 660, 660, 660, 660, 660, 660, 660, 660, 660, 660, 660, 660, 660,
         660, 660, 660, 660, 660, 660, 660, 660, 660, 660, 660, 660, 660, 660,
         660, 660, 660, 660, 660, 660, 660, 660, 660, 660, 660, 660, 660, 660,
         660, 660, 660, 660, 660, 660, 660, 660, 660, 660, 660, 660, 660, 660,
         660, 660, 660, 660, 660, 660, 660, 660, 660, 660, 660, 660, 660, 660,
         660, 660, 660, 660, 660, 660, 660, 660, 660, 660, 660, 660, 660, 660,
         660, 660]], device='cuda:0')
saving epoch 32
>>> Saving MODEL and VOCAB @ trained_models/seq2seq/seq2seq_optim_adam_1_ep50_d1109_t0311/ep.32_loss.3.0114.pth <<<
epoch: 33  completed
greedy: tensor([660, 660, 660, 660, 660, 660, 660, 660, 660, 660, 660, 660, 660, 660,
        660, 660, 660, 660, 660, 660, 660, 660, 660, 660, 660, 660, 660, 660,
        660, 660, 660, 660, 660, 660, 660, 660, 660, 660, 660, 660, 660, 660,
        660, 660, 660, 660, 660, 660, 660, 660, 660, 660, 660, 660, 660, 660,
        660, 660, 660, 660], device='cuda:0')
beam: tensor([[660, 660, 660, 660, 660, 660, 660, 660, 660, 660, 660, 660, 660, 660,
         660, 660, 660, 660, 660, 660, 660, 660, 660, 660, 660, 660, 660, 660,
         660, 660, 660, 660, 660, 660, 660, 660, 660, 660, 660, 660, 660, 660,
         660, 660, 660, 660, 660, 660, 660, 660, 660, 660, 660, 660, 660, 660,
         660, 660, 660, 660, 660, 660, 660, 660, 660, 660, 660, 660, 660, 660,
         660, 660, 660, 660, 660, 660, 660, 660, 660, 660, 660, 660, 660, 660,
         660, 660, 660, 660, 660, 660, 660, 660, 660, 660, 660, 660, 660, 660,
         660, 660]], device='cuda:0')
epoch: 34  completed
greedy: tensor([660, 660, 660, 660, 660, 660, 660, 660, 660, 660, 660, 660, 660, 660,
        660, 660, 660, 660, 660, 660, 660, 660, 660, 660, 660, 660, 660, 660,
        660, 660, 660, 660, 660, 660, 660, 660, 660, 660, 660, 660, 660, 660,
        660, 660, 660, 660, 660, 660, 660, 660, 660, 660, 660, 660, 660, 660,
        660, 660, 660, 660], device='cuda:0')
beam: tensor([[660, 660, 660, 660, 660, 660, 660, 660, 660, 660, 660, 660, 660, 660,
         660, 660, 660, 660, 660, 660, 660, 660, 660, 660, 660, 660, 660, 660,
         660, 660, 660, 660, 660, 660, 660, 660, 660, 660, 660, 660, 660, 660,
         660, 660, 660, 660, 660, 660, 660, 660, 660, 660, 660, 660, 660, 660,
         660, 660, 660, 660, 660, 660, 660, 660, 660, 660, 660, 660, 660, 660,
         660, 660, 660, 660, 660, 660, 660, 660, 660, 660, 660, 660, 660, 660,
         660, 660, 660, 660, 660, 660, 660, 660, 660, 660, 660, 660, 660, 660,
         660, 660]], device='cuda:0')
epoch: 35  completed
greedy: tensor([660, 660, 660, 660, 660, 660, 660, 660, 660, 660, 660, 660, 660, 660,
        660, 660, 660, 660, 660, 660, 660, 660, 660, 660, 660, 660, 660, 660,
        660, 660, 660, 660, 660, 660, 660, 660, 660, 660, 660, 660, 660, 660,
        660, 660, 660, 660, 660, 660, 660, 660, 660, 660, 660, 660, 660, 660,
        660, 660, 660, 660], device='cuda:0')
beam: tensor([[660, 660, 660, 660, 660, 660, 660, 660, 660, 660, 660, 660, 660, 660,
         660, 660, 660, 660, 660, 660, 660, 660, 660, 660, 660, 660, 660, 660,
         660, 660, 660, 660, 660, 660, 660, 660, 660, 660, 660, 660, 660, 660,
         660, 660, 660, 660, 660, 660, 660, 660, 660, 660, 660, 660, 660, 660,
         660, 660, 660, 660, 660, 660, 660, 660, 660, 660, 660, 660, 660, 660,
         660, 660, 660, 660, 660, 660, 660, 660, 660, 660, 660, 660, 660, 660,
         660, 660, 660, 660, 660, 660, 660, 660, 660, 660, 660, 660, 660, 660,
         660, 660]], device='cuda:0')
epoch: 36  completed
greedy: tensor([660, 660, 660, 660, 660, 660, 660, 660, 660, 660, 660, 660, 660, 660,
        660, 660, 660, 660, 660, 660, 660, 660, 660, 660, 660, 660, 660, 660,
        660, 660, 660, 660, 660, 660, 660, 660, 660, 660, 660, 660, 660, 660,
        660, 660, 660, 660, 660, 660, 660, 660, 660, 660, 660, 660, 660, 660,
        660, 660, 660, 660], device='cuda:0')
beam: tensor([[660, 660, 660, 660, 660, 660, 660, 660, 660, 660, 660, 660, 660, 660,
         660, 660, 660, 660, 660, 660, 660, 660, 660, 660, 660, 660, 660, 660,
         660, 660, 660, 660, 660, 660, 660, 660, 660, 660, 660, 660, 660, 660,
         660, 660, 660, 660, 660, 660, 660, 660, 660, 660, 660, 660, 660, 660,
         660, 660, 660, 660, 660, 660, 660, 660, 660, 660, 660, 660, 660, 660,
         660, 660, 660, 660, 660, 660, 660, 660, 660, 660, 660, 660, 660, 660,
         660, 660, 660, 660, 660, 660, 660, 660, 660, 660, 660, 660, 660, 660,
         660, 660]], device='cuda:0')
saving epoch 36
>>> Saving MODEL and VOCAB @ trained_models/seq2seq/seq2seq_optim_adam_1_ep50_d1109_t0311/ep.36_loss.1.5356.pth <<<
epoch: 37  completed
greedy: tensor([660, 660, 660, 660, 660, 660, 660, 660, 660, 660, 660, 660, 660, 660,
        660, 660, 660, 660, 660, 660, 660, 660, 660, 660, 660, 660, 660, 660,
        660, 660, 660, 660, 660, 660, 660, 660, 660, 660, 660, 660, 660, 660,
        660, 660, 660, 660, 660, 660, 660, 660, 660, 660, 660, 660, 660, 660,
        660, 660, 660, 660], device='cuda:0')
beam: tensor([[660, 660, 660, 660, 660, 660, 660, 660, 660, 660, 660, 660, 660, 660,
         660, 660, 660, 660, 660, 660, 660, 660, 660, 660, 660, 660, 660, 660,
         660, 660, 660, 660, 660, 660, 660, 660, 660, 660, 660, 660, 660, 660,
         660, 660, 660, 660, 660, 660, 660, 660, 660, 660, 660, 660, 660, 660,
         660, 660, 660, 660, 660, 660, 660, 660, 660, 660, 660, 660, 660, 660,
         660, 660, 660, 660, 660, 660, 660, 660, 660, 660, 660, 660, 660, 660,
         660, 660, 660, 660, 660, 660, 660, 660, 660, 660, 660, 660, 660, 660,
         660, 660]], device='cuda:0')
epoch: 38  completed
greedy: tensor([660, 660, 660, 660, 660, 660, 660, 660, 660, 660, 660, 660, 660, 660,
        660, 660, 660, 660, 660, 660, 660, 660, 660, 660, 660, 660, 660, 660,
        660, 660, 660, 660, 660, 660, 660, 660, 660, 660, 660, 660, 660, 660,
        660, 660, 660, 660, 660, 660, 660, 660, 660, 660, 660, 660, 660, 660,
        660, 660, 660, 660], device='cuda:0')
beam: tensor([[660, 660, 660, 660, 660, 660, 660, 660, 660, 660, 660, 660, 660, 660,
         660, 660, 660, 660, 660, 660, 660, 660, 660, 660, 660, 660, 660, 660,
         660, 660, 660, 660, 660, 660, 660, 660, 660, 660, 660, 660, 660, 660,
         660, 660, 660, 660, 660, 660, 660, 660, 660, 660, 660, 660, 660, 660,
         660, 660, 660, 660, 660, 660, 660, 660, 660, 660, 660, 660, 660, 660,
         660, 660, 660, 660, 660, 660, 660, 660, 660, 660, 660, 660, 660, 660,
         660, 660, 660, 660, 660, 660, 660, 660, 660, 660, 660, 660, 660, 660,
         660, 660]], device='cuda:0')
epoch: 39  completed
greedy: tensor([660, 660, 660, 660, 660, 660, 660, 660, 660, 660, 660, 660, 660, 660,
        660, 660, 660, 660, 660, 660, 660, 660, 660, 660, 660, 660, 660, 660,
        660, 660, 660, 660, 660, 660, 660, 660, 660, 660, 660, 660, 660, 660,
        660, 660, 660, 660, 660, 660, 660, 660, 660, 660, 660, 660, 660, 660,
        660, 660, 660, 660], device='cuda:0')
beam: tensor([[660, 660, 660, 660, 660, 660, 660, 660, 660, 660, 660, 660, 660, 660,
         660, 660, 660, 660, 660, 660, 660, 660, 660, 660, 660, 660, 660, 660,
         660, 660, 660, 660, 660, 660, 660, 660, 660, 660, 660, 660, 660, 660,
         660, 660, 660, 660, 660, 660, 660, 660, 660, 660, 660, 660, 660, 660,
         660, 660, 660, 660, 660, 660, 660, 660, 660, 660, 660, 660, 660, 660,
         660, 660, 660, 660, 660, 660, 660, 660, 660, 660, 660, 660, 660, 660,
         660, 660, 660, 660, 660, 660, 660, 660, 660, 660, 660, 660, 660, 660,
         660, 660]], device='cuda:0')
epoch: 40  completed
greedy: tensor([660, 660, 660, 660, 660, 660, 660, 660, 660, 660, 660, 660, 660, 660,
        660, 660, 660, 660, 660, 660, 660, 660, 660, 660, 660, 660, 660, 660,
        660, 660, 660, 660, 660, 660, 660, 660, 660, 660, 660, 660, 660, 660,
        660, 660, 660, 660, 660, 660, 660, 660, 660, 660, 660, 660, 660, 660,
        660, 660, 660, 660], device='cuda:0')
beam: tensor([[660, 660, 660, 660, 660, 660, 660, 660, 660, 660, 660, 660, 660, 660,
         660, 660, 660, 660, 660, 660, 660, 660, 660, 660, 660, 660, 660, 660,
         660, 660, 660, 660, 660, 660, 660, 660, 660, 660, 660, 660, 660, 660,
         660, 660, 660, 660, 660, 660, 660, 660, 660, 660, 660, 660, 660, 660,
         660, 660, 660, 660, 660, 660, 660, 660, 660, 660, 660, 660, 660, 660,
         660, 660, 660, 660, 660, 660, 660, 660, 660, 660, 660, 660, 660, 660,
         660, 660, 660, 660, 660, 660, 660, 660, 660, 660, 660, 660, 660, 660,
         660, 660]], device='cuda:0')
saving epoch 40
>>> Saving MODEL and VOCAB @ trained_models/seq2seq/seq2seq_optim_adam_1_ep50_d1109_t0311/ep.40_loss.1.8787.pth <<<
epoch: 41  completed
greedy: tensor([660, 660, 660, 660, 660, 660, 660, 660, 660, 660, 660, 660, 660, 660,
        660, 660, 660, 660, 660, 660, 660, 660, 660, 660, 660, 660, 660, 660,
        660, 660, 660, 660, 660, 660, 660, 660, 660, 660, 660, 660, 660, 660,
        660, 660, 660, 660, 660, 660, 660, 660, 660, 660, 660, 660, 660, 660,
        660, 660, 660, 660], device='cuda:0')
beam: tensor([[660, 660, 660, 660, 660, 660, 660, 660, 660, 660, 660, 660, 660, 660,
         660, 660, 660, 660, 660, 660, 660, 660, 660, 660, 660, 660, 660, 660,
         660, 660, 660, 660, 660, 660, 660, 660, 660, 660, 660, 660, 660, 660,
         660, 660, 660, 660, 660, 660, 660, 660, 660, 660, 660, 660, 660, 660,
         660, 660, 660, 660, 660, 660, 660, 660, 660, 660, 660, 660, 660, 660,
         660, 660, 660, 660, 660, 660, 660, 660, 660, 660, 660, 660, 660, 660,
         660, 660, 660, 660, 660, 660, 660, 660, 660, 660, 660, 660, 660, 660,
         660, 660]], device='cuda:0')
epoch: 42  completed
greedy: tensor([660, 660, 660, 660, 660, 660, 660, 660, 660, 660, 660, 660, 660, 660,
        660, 660, 660, 660, 660, 660, 660, 660, 660, 660, 660, 660, 660, 660,
        660, 660, 660, 660, 660, 660, 660, 660, 660, 660, 660, 660, 660, 660,
        660, 660, 660, 660, 660, 660, 660, 660, 660, 660, 660, 660, 660, 660,
        660, 660, 660, 660], device='cuda:0')
beam: tensor([[660, 660, 660, 660, 660, 660, 660, 660, 660, 660, 660, 660, 660, 660,
         660, 660, 660, 660, 660, 660, 660, 660, 660, 660, 660, 660, 660, 660,
         660, 660, 660, 660, 660, 660, 660, 660, 660, 660, 660, 660, 660, 660,
         660, 660, 660, 660, 660, 660, 660, 660, 660, 660, 660, 660, 660, 660,
         660, 660, 660, 660, 660, 660, 660, 660, 660, 660, 660, 660, 660, 660,
         660, 660, 660, 660, 660, 660, 660, 660, 660, 660, 660, 660, 660, 660,
         660, 660, 660, 660, 660, 660, 660, 660, 660, 660, 660, 660, 660, 660,
         660, 660]], device='cuda:0')
epoch: 43  completed
greedy: tensor([660, 660, 660, 660, 660, 660, 660, 660, 660, 660, 660, 660, 660, 660,
        660, 660, 660, 660, 660, 660, 660, 660, 660, 660, 660, 660, 660, 660,
        660, 660, 660, 660, 660, 660, 660, 660, 660, 660, 660, 660, 660, 660,
        660, 660, 660, 660, 660, 660, 660, 660, 660, 660, 660, 660, 660, 660,
        660, 660, 660, 660], device='cuda:0')
beam: tensor([[660, 660, 660, 660, 660, 660, 660, 660, 660, 660, 660, 660, 660, 660,
         660, 660, 660, 660, 660, 660, 660, 660, 660, 660, 660, 660, 660, 660,
         660, 660, 660, 660, 660, 660, 660, 660, 660, 660, 660, 660, 660, 660,
         660, 660, 660, 660, 660, 660, 660, 660, 660, 660, 660, 660, 660, 660,
         660, 660, 660, 660, 660, 660, 660, 660, 660, 660, 660, 660, 660, 660,
         660, 660, 660, 660, 660, 660, 660, 660, 660, 660, 660, 660, 660, 660,
         660, 660, 660, 660, 660, 660, 660, 660, 660, 660, 660, 660, 660, 660,
         660, 660]], device='cuda:0')
epoch: 44  completed
greedy: tensor([660, 660, 660, 660, 660, 660, 660, 660, 660, 660, 660, 660, 660, 660,
        660, 660, 660, 660, 660, 660, 660, 660, 660, 660, 660, 660, 660, 660,
        660, 660, 660, 660, 660, 660, 660, 660, 660, 660, 660, 660, 660, 660,
        660, 660, 660, 660, 660, 660, 660, 660, 660, 660, 660, 660, 660, 660,
        660, 660, 660, 660], device='cuda:0')
beam: tensor([[660, 660, 660, 660, 660, 660, 660, 660, 660, 660, 660, 660, 660, 660,
         660, 660, 660, 660, 660, 660, 660, 660, 660, 660, 660, 660, 660, 660,
         660, 660, 660, 660, 660, 660, 660, 660, 660, 660, 660, 660, 660, 660,
         660, 660, 660, 660, 660, 660, 660, 660, 660, 660, 660, 660, 660, 660,
         660, 660, 660, 660, 660, 660, 660, 660, 660, 660, 660, 660, 660, 660,
         660, 660, 660, 660, 660, 660, 660, 660, 660, 660, 660, 660, 660, 660,
         660, 660, 660, 660, 660, 660, 660, 660, 660, 660, 660, 660, 660, 660,
         660, 660]], device='cuda:0')
saving epoch 44
>>> Saving MODEL and VOCAB @ trained_models/seq2seq/seq2seq_optim_adam_1_ep50_d1109_t0311/ep.44_loss.0.8239.pth <<<
epoch: 45  completed
greedy: tensor([660, 660, 660, 660, 660, 660, 660, 660, 660, 660, 660, 660, 660, 660,
        660, 660, 660, 660, 660, 660, 660, 660, 660, 660, 660, 660, 660, 660,
        660, 660, 660, 660, 660, 660, 660, 660, 660, 660, 660, 660, 660, 660,
        660, 660, 660, 660, 660, 660, 660, 660, 660, 660, 660, 660, 660, 660,
        660, 660, 660, 660], device='cuda:0')
beam: tensor([[660, 660, 660, 660, 660, 660, 660, 660, 660, 660, 660, 660, 660, 660,
         660, 660, 660, 660, 660, 660, 660, 660, 660, 660, 660, 660, 660, 660,
         660, 660, 660, 660, 660, 660, 660, 660, 660, 660, 660, 660, 660, 660,
         660, 660, 660, 660, 660, 660, 660, 660, 660, 660, 660, 660, 660, 660,
         660, 660, 660, 660, 660, 660, 660, 660, 660, 660, 660, 660, 660, 660,
         660, 660, 660, 660, 660, 660, 660, 660, 660, 660, 660, 660, 660, 660,
         660, 660, 660, 660, 660, 660, 660, 660, 660, 660, 660, 660, 660, 660,
         660, 660]], device='cuda:0')
epoch: 46  completed
greedy: tensor([660, 660, 660, 660, 660, 660, 660, 660, 660, 660, 660, 660, 660, 660,
        660, 660, 660, 660, 660, 660, 660, 660, 660, 660, 660, 660, 660, 660,
        660, 660, 660, 660, 660, 660, 660, 660, 660, 660, 660, 660, 660, 660,
        660, 660, 660, 660, 660, 660, 660, 660, 660, 660, 660, 660, 660, 660,
        660, 660, 660, 660], device='cuda:0')
beam: tensor([[660, 660, 660, 660, 660, 660, 660, 660, 660, 660, 660, 660, 660, 660,
         660, 660, 660, 660, 660, 660, 660, 660, 660, 660, 660, 660, 660, 660,
         660, 660, 660, 660, 660, 660, 660, 660, 660, 660, 660, 660, 660, 660,
         660, 660, 660, 660, 660, 660, 660, 660, 660, 660, 660, 660, 660, 660,
         660, 660, 660, 660, 660, 660, 660, 660, 660, 660, 660, 660, 660, 660,
         660, 660, 660, 660, 660, 660, 660, 660, 660, 660, 660, 660, 660, 660,
         660, 660, 660, 660, 660, 660, 660, 660, 660, 660, 660, 660, 660, 660,
         660, 660]], device='cuda:0')
epoch: 47  completed
greedy: tensor([660, 660, 660, 660, 660, 660, 660, 660, 660, 660, 660, 660, 660, 660,
        660, 660, 660, 660, 660, 660, 660, 660, 660, 660, 660, 660, 660, 660,
        660, 660, 660, 660, 660, 660, 660, 660, 660, 660, 660, 660, 660, 660,
        660, 660, 660, 660, 660, 660, 660, 660, 660, 660, 660, 660, 660, 660,
        660, 660, 660, 660], device='cuda:0')
beam: tensor([[660, 660, 660, 660, 660, 660, 660, 660, 660, 660, 660, 660, 660, 660,
         660, 660, 660, 660, 660, 660, 660, 660, 660, 660, 660, 660, 660, 660,
         660, 660, 660, 660, 660, 660, 660, 660, 660, 660, 660, 660, 660, 660,
         660, 660, 660, 660, 660, 660, 660, 660, 660, 660, 660, 660, 660, 660,
         660, 660, 660, 660, 660, 660, 660, 660, 660, 660, 660, 660, 660, 660,
         660, 660, 660, 660, 660, 660, 660, 660, 660, 660, 660, 660, 660, 660,
         660, 660, 660, 660, 660, 660, 660, 660, 660, 660, 660, 660, 660, 660,
         660, 660]], device='cuda:0')
epoch: 48  completed
greedy: tensor([660, 660, 660, 660, 660, 660, 660, 660, 660, 660, 660, 660, 660, 660,
        660, 660, 660, 660, 660, 660, 660, 660, 660, 660, 660, 660, 660, 660,
        660, 660, 660, 660, 660, 660, 660, 660, 660, 660, 660, 660, 660, 660,
        660, 660, 660, 660, 660, 660, 660, 660, 660, 660, 660, 660, 660, 660,
        660, 660, 660, 660], device='cuda:0')
beam: tensor([[660, 660, 660, 660, 660, 660, 660, 660, 660, 660, 660, 660, 660, 660,
         660, 660, 660, 660, 660, 660, 660, 660, 660, 660, 660, 660, 660, 660,
         660, 660, 660, 660, 660, 660, 660, 660, 660, 660, 660, 660, 660, 660,
         660, 660, 660, 660, 660, 660, 660, 660, 660, 660, 660, 660, 660, 660,
         660, 660, 660, 660, 660, 660, 660, 660, 660, 660, 660, 660, 660, 660,
         660, 660, 660, 660, 660, 660, 660, 660, 660, 660, 660, 660, 660, 660,
         660, 660, 660, 660, 660, 660, 660, 660, 660, 660, 660, 660, 660, 660,
         660, 660]], device='cuda:0')
saving epoch 48
>>> Saving MODEL and VOCAB @ trained_models/seq2seq/seq2seq_optim_adam_1_ep50_d1109_t0311/ep.48_loss.1.2917.pth <<<
epoch: 49  completed
greedy: tensor([660, 660, 660, 660, 660, 660, 660, 660, 660, 660, 660, 660, 660, 660,
        660, 660, 660, 660, 660, 660, 660, 660, 660, 660, 660, 660, 660, 660,
        660, 660, 660, 660, 660, 660, 660, 660, 660, 660, 660, 660, 660, 660,
        660, 660, 660, 660, 660, 660, 660, 660, 660, 660, 660, 660, 660, 660,
        660, 660, 660, 660], device='cuda:0')
beam: tensor([[660, 660, 660, 660, 660, 660, 660, 660, 660, 660, 660, 660, 660, 660,
         660, 660, 660, 660, 660, 660, 660, 660, 660, 660, 660, 660, 660, 660,
         660, 660, 660, 660, 660, 660, 660, 660, 660, 660, 660, 660, 660, 660,
         660, 660, 660, 660, 660, 660, 660, 660, 660, 660, 660, 660, 660, 660,
         660, 660, 660, 660, 660, 660, 660, 660, 660, 660, 660, 660, 660, 660,
         660, 660, 660, 660, 660, 660, 660, 660, 660, 660, 660, 660, 660, 660,
         660, 660, 660, 660, 660, 660, 660, 660, 660, 660, 660, 660, 660, 660,
         660, 660]], device='cuda:0')
epoch: 50  completed
greedy: tensor([660, 660, 660, 660, 660, 660, 660, 660, 660, 660, 660, 660, 660, 660,
        660, 660, 660, 660, 660, 660, 660, 660, 660, 660, 660, 660, 660, 660,
        660, 660, 660, 660, 660, 660, 660, 660, 660, 660, 660, 660, 660, 660,
        660, 660, 660, 660, 660, 660, 660, 660, 660, 660, 660, 660, 660, 660,
        660, 660, 660, 660], device='cuda:0')
beam: tensor([[660, 660, 660, 660, 660, 660, 660, 660, 660, 660, 660, 660, 660, 660,
         660, 660, 660, 660, 660, 660, 660, 660, 660, 660, 660, 660, 660, 660,
         660, 660, 660, 660, 660, 660, 660, 660, 660, 660, 660, 660, 660, 660,
         660, 660, 660, 660, 660, 660, 660, 660, 660, 660, 660, 660, 660, 660,
         660, 660, 660, 660, 660, 660, 660, 660, 660, 660, 660, 660, 660, 660,
         660, 660, 660, 660, 660, 660, 660, 660, 660, 660, 660, 660, 660, 660,
         660, 660, 660, 660, 660, 660, 660, 660, 660, 660, 660, 660, 660, 660,
         660, 660]], device='cuda:0')
Traceback (most recent call last):
  File "main.py", line 63, in <module>
    Fire(Main)
  File "/home/ywjang/miniconda3/envs/write2u/lib/python3.7/site-packages/fire/core.py", line 138, in Fire
    component_trace = _Fire(component, args, parsed_flag_args, context, name)
  File "/home/ywjang/miniconda3/envs/write2u/lib/python3.7/site-packages/fire/core.py", line 471, in _Fire
    target=component.__name__)
  File "/home/ywjang/miniconda3/envs/write2u/lib/python3.7/site-packages/fire/core.py", line 675, in _CallAndUpdateTrace
    component = fn(*varargs, **kwargs)
  File "main.py", line 43, in train
    runtrain(args)
  File "/home/ywjang/miniconda3/envs/write2u/lib/python3.7/contextlib.py", line 119, in __exit__
    next(self.gen)
  File "/home/ywjang/seonil/papago_test/utils.py", line 114, in log_time_n_args
    with (args.log_path / f"{get_dirname_from_args(args)}.time").open(mode = 'w') as f:
TypeError: unsupported operand type(s) for /: 'str' and 'str'
