Start reading and get iterators 
Adam (
Parameter Group 0
    amsgrad: False
    betas: (0.9, 0.999)
    eps: 1e-08
    lr: 0.5
    weight_decay: 0
)
CELoss()
{'N': 6,
 '_training': True,
 'batchsize': 128,
 'beamsize': 4,
 'ckpt_path': PosixPath('trained_models'),
 'd_ff': 2048,
 'd_model': 512,
 'dataroot': PosixPath('data'),
 'debug': False,
 'device': 'cuda',
 'dropout': 0.3,
 'dropout_tr': 0.1,
 'eps': 1e-08,
 'factor': 0.5,
 'factor_tr': 2,
 'h': 8,
 'heu_penalty': 0,
 'hidden_size': 256,
 'label_smoothing': 0.5,
 'learning_rate': 0.5,
 'load_path': PosixPath('none'),
 'log_cmd': False,
 'log_path': 'log/rnnsearch_adam_ep100_labelsmooth0.5_d1111_t1358',
 'lr_tr': 0,
 'lrschedule': 'rop',
 'max_epochs': 100,
 'metrics': ['bleu', 'meteor', 'cider', 'rouge'],
 'min_lr': 1e-07,
 'mode': 'min',
 'model': 'rnnsearch',
 'optimizer': 'adam',
 'patience': 1,
 'pretrained_ep': -1,
 'save_every': 2,
 'teacher_forcing_ratio': 0.7,
 'threshold': 0.01,
 'threshold_mode': 'rel',
 'warmup': 4000,
 'word_drop': 0.05}
SOS, EOS, PAD tokens are as follows: (660, 661, 659)
MAX and MIN tokens = 658, 0
epoch: 1  completed
trg: tensor([[593, 163,  68,  ..., 384, 211, 661],
        [607,  68,   5,  ..., 659, 659, 659],
        [ 18,  68, 188,  ..., 659, 659, 659],
        ...,
        [280, 661, 659,  ..., 659, 659, 659],
        [416, 661, 659,  ..., 659, 659, 659],
        [642, 661, 659,  ..., 659, 659, 659]], device='cuda:0')
teacher: tensor([[ 1,  1,  0,  ...,  1,  7,  7],
        [ 5,  2,  0,  ...,  5, 27, 15],
        [20, 17,  0,  ..., 34, 20, 20],
        ...,
        [24,  1, 24,  ..., 24, 24, 24],
        [33, 33, 33,  ..., 33, 33, 33],
        [ 5,  1, 28,  ...,  6,  4,  5]], device='cuda:0')
trg_eval: tensor([607, 158,  68, 172, 149,  68, 211, 471, 211,  68, 261, 149,  68, 246,
         68, 607, 158,  68, 659, 152,  68, 607, 158,  68,  19, 349, 543,  68,
        189,  68, 531, 299,  68, 659, 389, 158, 149,  68, 143,  68,  19,  85,
        661], device='cuda:0')
greedy: tensor([10, 10, 10, 10, 10, 10, 10, 10, 10, 10, 10, 10, 10, 10, 10, 10, 10, 10,
        10, 10, 10, 10, 10, 10, 10, 10, 10, 10, 10, 10, 10, 10, 10, 10, 10, 10,
        10, 10, 10, 10, 10, 10, 10, 10, 10, 10, 10, 10, 10, 10, 10, 10, 10, 10,
        10, 10, 10, 10, 10, 10, 10, 10, 10, 10], device='cuda:0')
beam: tensor([[ 10, 631, 631, 631,  81,  10,  10,  10,  10,  10,  10,  10,  10,  10,
          10,  10,  10,  10,  10,  10,  10,  10,  10,  10,  10,  10,  10,  10,
          10,  10,  10,  10,  10]], device='cuda:0')
epoch: 2  completed
trg: tensor([[158, 108,  68,  ..., 438, 415, 661],
        [137, 158,  68,  ..., 659, 659, 659],
        [283,  68, 331,  ..., 659, 659, 659],
        ...,
        [495, 661, 659,  ..., 659, 659, 659],
        [283, 661, 659,  ..., 659, 659, 659],
        [617, 661, 659,  ..., 659, 659, 659]], device='cuda:0')
teacher: tensor([[ 0, 23, 23,  ..., 23, 23,  0],
        [ 0,  1, 26,  ..., 26, 26,  0],
        [ 0, 26,  3,  ...,  3, 31,  0],
        ...,
        [ 0, 22, 25,  ..., 25, 27,  0],
        [34, 34, 12,  ..., 12, 34, 34],
        [ 5,  6,  5,  ...,  5,  5,  5]], device='cuda:0')
trg_eval: tensor([607, 158,  68, 172, 659,  68, 211, 659, 659,  68, 261, 149,  68, 246,
         68, 607, 158,  68,  82, 152,  68, 607, 158,  68,  19, 349, 659,  68,
        189,  68, 531, 299,  68, 570, 389, 158, 149,  68, 143,  68, 659,  85,
        661], device='cuda:0')
greedy: tensor([330,  68, 292, 211, 246,  50, 257,  68,  68,  68,  68,  68,  68,  68,
         68,  68,  68,  68,  68,  68,  68,  68,  68,  68,  68,  68,  68,  68,
         68,  68,  68,  68,  68,  68,  68,  68,  68,  68,  68,  68,  68,  68,
         68,  68,  68,  68,  68,  68,  68,  68,  68,  68,  68,  68,  68,  68,
         68,  68,  68,  68,  68,  68,  68,  68], device='cuda:0')
beam: tensor([[330,   2,  81, 532,  68, 595,  68, 426, 246,  50, 404, 404, 404, 404,
         404, 404, 404, 404, 404, 404, 404, 404, 404, 404, 404, 404, 404, 404,
         404, 404, 404, 404, 404]], device='cuda:0')
saving epoch 2
>>> Saving MODEL and VOCAB @ trained_models/rnnsearch/rnnsearch_adam_ep100_labelsmooth0.5_d1111_t1358/ep.2_loss.151.2253.pth <<<
epoch: 3  completed
trg: tensor([[ 87, 449,  68,  ..., 472, 420, 661],
        [592,  89, 158,  ..., 659, 659, 659],
        [607, 479, 659,  ..., 659, 659, 659],
        ...,
        [651,  84, 661,  ..., 659, 659, 659],
        [610,  74, 661,  ..., 659, 659, 659],
        [396, 661, 659,  ..., 659, 659, 659]], device='cuda:0')
teacher: tensor([[32,  1,  0,  ..., 32, 32, 32],
        [28, 26, 26,  ..., 26, 26, 26],
        [32, 32, 32,  ..., 32, 32,  2],
        ...,
        [13,  8, 13,  ..., 13, 20, 23],
        [ 1,  1,  0,  ...,  1,  0,  8],
        [ 6,  8, 14,  ...,  8, 14,  6]], device='cuda:0')
trg_eval: tensor([607, 158,  68, 172, 149, 659, 211, 471, 211,  68, 261, 149,  68, 246,
         68, 607, 158,  68,  82, 152,  68, 607, 158,  68,  19, 349, 543,  68,
        189,  68, 531, 299,  68, 570, 389, 158, 149,  68, 143,  68,  19,  85,
        661], device='cuda:0')
greedy: tensor([649, 573, 216, 198, 280, 324, 259, 259, 156, 165, 301, 256, 181, 596,
        201, 201, 201, 201, 201, 201, 201, 201, 201, 201, 201, 201, 201, 201,
        201, 201, 201, 201, 201, 201, 201, 201, 201, 201, 201, 201, 201, 201,
        201, 201, 201, 201, 201, 201, 201, 201, 201, 201, 201, 201, 201, 201,
        201, 201, 201, 201, 201, 201, 201, 201], device='cuda:0')
beam: tensor([[442, 265,  68, 181,  68, 181, 189, 181, 189, 427, 631, 383,   7, 105,
         223,   7, 181, 631, 530, 324, 596, 596, 181,  25, 181, 181, 324, 181,
           7, 631, 141, 325, 430]], device='cuda:0')
epoch: 4  completed
trg: tensor([[339, 551,  68,  ...,  68, 331, 661],
        [370,  68,   5,  ..., 659, 659, 659],
        [593, 163,  68,  ..., 659, 659, 659],
        ...,
        [283, 661, 659,  ..., 659, 659, 659],
        [288, 661, 659,  ..., 659, 659, 659],
        [133, 661, 659,  ..., 659, 659, 659]], device='cuda:0')
teacher: tensor([[17,  7, 17,  ..., 23, 25, 17],
        [ 3,  3,  7,  ...,  3, 18, 46],
        [14, 19, 21,  ..., 13, 20, 16],
        ...,
        [49, 28, 49,  ..., 33, 43, 49],
        [48,  4, 41,  ..., 41, 54, 35],
        [30, 40, 29,  ..., 29, 30, 33]], device='cuda:0')
trg_eval: tensor([607, 158,  68, 172, 149, 659, 211, 471, 211,  68, 261, 149,  68, 246,
         68, 607, 158,  68,  82, 152,  68, 659, 158,  68,  19, 349, 543,  68,
        189,  68, 531, 659,  68, 570, 389, 158, 659,  68, 143,  68,  19,  85,
        661], device='cuda:0')
greedy: tensor([174, 416, 256, 119,  25, 530,  68, 149, 661, 189, 149, 621, 517,  68,
        149, 339, 660, 660, 635, 211, 359,  85, 369, 399, 622,  85, 359, 359,
        359, 359, 359, 359, 359, 359, 359, 359, 359, 359, 359, 359, 359, 359,
        359, 359, 359, 359, 359, 359, 359, 359, 359, 359, 359, 359, 359, 359,
        359, 359, 359, 359, 359, 359, 359, 359], device='cuda:0')
beam: tensor([[174, 416, 256, 119,  25, 530,  68, 149,  95,  83,  83,  83, 559, 403,
         149, 227, 661]], device='cuda:0')
saving epoch 4
>>> Saving MODEL and VOCAB @ trained_models/rnnsearch/rnnsearch_adam_ep100_labelsmooth0.5_d1111_t1358/ep.4_loss.77.1641.pth <<<
epoch: 5  completed
trg: tensor([[607, 339,  68,  ..., 426, 339, 661],
        [361,  68, 261,  ..., 659, 659, 659],
        [607, 478,  68,  ..., 659, 659, 659],
        ...,
        [564, 661, 659,  ..., 659, 659, 659],
        [277, 661, 659,  ..., 659, 659, 659],
        [205, 661, 659,  ..., 659, 659, 659]], device='cuda:0')
teacher: tensor([[12,  1, 15,  ..., 15,  7,  7],
        [29, 31, 31,  ..., 31, 31, 31],
        [13, 13, 13,  ..., 13, 26, 27],
        ...,
        [21, 19, 19,  ..., 19, 22,  8],
        [ 7,  7, 13,  ...,  7,  3,  3],
        [25, 28, 26,  ..., 28, 25, 25]], device='cuda:0')
trg_eval: tensor([607, 158,  68, 172, 149, 659, 211, 471, 211,  68, 659, 149,  68, 246,
         68, 607, 158,  68,  82, 152,  68, 607, 158,  68,  19, 349, 543,  68,
        189,  68, 531, 299,  68, 570, 389, 158, 149,  68, 143,  68,  19,  85,
        661], device='cuda:0')
greedy: tensor([431, 117,  88, 138, 237,  68, 241, 158,  68, 241, 241, 241, 241, 241,
        241, 241, 241, 241, 241, 241, 241, 241, 241, 241, 241, 241, 241, 241,
        241, 241, 241, 241, 241, 241, 241, 241, 241, 241, 241, 241, 241, 241,
        241, 241, 241, 241, 241, 241, 241, 241, 241, 241, 241, 241, 241, 241,
        241, 241, 241, 241, 241, 241, 241, 241], device='cuda:0')
beam: tensor([[287,  90, 522, 299, 106, 451,  68, 550, 341, 304, 269, 149, 240, 240,
         175, 174, 299, 264, 561, 660,  50,  68, 660, 660, 622, 660, 299, 243,
         210,  68,  36, 128, 612]], device='cuda:0')
epoch: 6  completed
trg: tensor([[607,  68,   5,  ...,  70, 158, 661],
        [158, 108,  68,  ..., 359, 661, 659],
        [ 43, 158, 659,  ..., 628, 661, 659],
        ...,
        [564, 659, 659,  ..., 659, 659, 659],
        [628, 661, 659,  ..., 659, 659, 659],
        [252, 661, 659,  ..., 659, 659, 659]], device='cuda:0')
teacher: tensor([[ 6,  8,  6,  ..., 11,  8,  8],
        [11, 14, 13,  ..., 14, 13, 13],
        [ 3, 12,  0,  ..., 23, 23, 23],
        ...,
        [ 8,  7,  0,  ...,  7, 11, 11],
        [13, 22,  0,  ..., 19, 20, 20],
        [12, 24,  0,  ..., 12, 12, 12]], device='cuda:0')
trg_eval: tensor([607, 158,  68, 172, 149,  68, 211, 471, 211,  68, 261, 149,  68, 246,
         68, 607, 158,  68,  82, 152,  68, 607, 158,  68,  19, 349, 543,  68,
        189,  68, 531, 299,  68, 570, 389, 158, 149,  68, 143,  68,  19,  85,
        661], device='cuda:0')
greedy: tensor([359, 531, 529,  68, 397, 522,  68, 397, 511,  68,  68,  68,  68,  68,
         68,  68,  68,  68,  68,  68,  68,  68,  68,  68,  68,  68,  68,  68,
         68,  68,  68,  68,  68,  68,  68,  68,  68,  68,  68,  68,  68,  68,
         68,  68,  68,  68,  68,  68,  68,  68,  68,  68,  68,  68,  68,  68,
         68,  68,  68,  68,  68,  68,  68,  68], device='cuda:0')
beam: tensor([[ 68,   5,  68, 372, 252, 520, 397,  68, 188,  68, 189, 577,  36, 607,
          68, 397, 543, 511, 397, 122, 257, 479, 213, 511,  68,  68, 319,  22,
          68, 189, 213, 518, 511]], device='cuda:0')
saving epoch 6
>>> Saving MODEL and VOCAB @ trained_models/rnnsearch/rnnsearch_adam_ep100_labelsmooth0.5_d1111_t1358/ep.6_loss.88.7550.pth <<<
epoch: 7  completed
trg: tensor([[261,  86,  68,  ..., 438, 415, 661],
        [ 64, 211, 108,  ..., 661, 659, 659],
        [ 18,  84,  68,  ..., 659, 659, 659],
        ...,
        [282, 661, 659,  ..., 659, 659, 659],
        [397, 661, 659,  ..., 659, 659, 659],
        [124, 661, 659,  ..., 659, 659, 659]], device='cuda:0')
teacher: tensor([[23, 29, 21,  ..., 23, 21, 21],
        [ 7, 11,  7,  ...,  7,  7,  7],
        [14, 24, 23,  ..., 14, 14, 14],
        ...,
        [33, 34, 33,  ..., 35,  9,  9],
        [26, 26, 26,  ..., 26, 30, 30],
        [11, 11, 11,  ..., 11, 11, 11]], device='cuda:0')
trg_eval: tensor([607, 158,  68, 172, 149,  68, 211, 471, 211,  68, 261, 149,  68, 246,
         68, 607, 158,  68,  82, 152,  68, 607, 158,  68,  19, 349, 543,  68,
        189,  68, 531, 299,  68, 570, 389, 158, 149,  68, 143,  68,  19,  85,
        661], device='cuda:0')
greedy: tensor([661,  26, 158, 569, 651,  68, 146, 560, 158, 661, 119, 453, 560, 369,
        403,  15, 603, 482,  15,  15, 502, 201, 603, 427,  11, 149, 322, 661,
        119, 242,  68, 389, 108, 301, 334, 601,  97, 661, 119, 242,  68, 389,
        170,  51, 158,  15, 430, 395,  62, 569,  67, 359,  68,  62, 158,  62,
        661, 214,  68, 603,  68,  87, 119, 157], device='cuda:0')
beam: tensor([[661]], device='cuda:0')
epoch: 8  completed
trg: tensor([[569,  68,  79,  ..., 158, 149, 661],
        [607, 158,  68,  ..., 661, 659, 659],
        [283,  67, 331,  ..., 659, 659, 659],
        ...,
        [115, 479, 661,  ..., 659, 659, 659],
        [642,  79, 661,  ..., 659, 659, 659],
        [162, 661, 659,  ..., 659, 659, 659]], device='cuda:0')
teacher: tensor([[10, 10, 10,  ...,  9, 25, 25],
        [34, 34, 34,  ..., 34, 34, 34],
        [25, 25, 25,  ..., 25, 30, 30],
        ...,
        [21, 21, 21,  ..., 21, 21, 21],
        [24, 24, 24,  ..., 24, 24, 24],
        [ 8,  8,  8,  ...,  8, 11, 11]], device='cuda:0')
trg_eval: tensor([607, 158,  68, 172, 149,  68, 211, 471, 211,  68, 261, 149,  68, 246,
         68, 607, 158, 659,  82, 152,  68, 607, 158,  68,  19, 349, 543,  68,
        189,  68, 531, 299,  68, 659, 389, 158, 149,  68, 143,  68,  19,  85,
        659], device='cuda:0')
greedy: tensor([100, 617,  95, 463, 353, 210, 376,  68, 189, 617, 607, 517, 582, 651,
         68, 189, 617,  70, 157,  68, 124, 189, 617,  84, 617,   7, 298,  68,
        517, 569, 487, 517, 569, 569, 569, 569, 569, 569, 569, 569, 569, 569,
        569, 569, 569, 569, 569, 569, 569, 569, 569, 569, 569, 569, 569, 569,
        569, 569, 569, 569, 569, 569, 569, 569], device='cuda:0')
beam: tensor([[428, 501, 250,  68, 243, 542,  20, 661, 318, 487, 517, 318, 318, 318,
         318, 318, 318, 318, 318, 318, 318, 318, 318, 318, 318, 318, 318, 318,
         144, 144, 144, 597,  68]], device='cuda:0')
saving epoch 8
>>> Saving MODEL and VOCAB @ trained_models/rnnsearch/rnnsearch_adam_ep100_labelsmooth0.5_d1111_t1358/ep.8_loss.50.7495.pth <<<
epoch: 9  completed
trg: tensor([[  5,  68, 258,  ..., 435,  85, 661],
        [501,  85, 123,  ..., 189, 451, 661],
        [607, 659,  67,  ..., 659, 659, 659],
        ...,
        [188, 451, 661,  ..., 659, 659, 659],
        [446, 245, 661,  ..., 659, 659, 659],
        [236, 246, 661,  ..., 659, 659, 659]], device='cuda:0')
teacher: tensor([[24, 24, 24,  ..., 24, 24, 24],
        [ 8, 30, 15,  ..., 15, 30, 27],
        [ 5,  5, 23,  ...,  5, 23, 23],
        ...,
        [ 5,  5,  5,  ...,  5,  5,  5],
        [ 6, 22,  6,  ..., 22,  6,  6],
        [25, 25, 24,  ..., 22, 25, 25]], device='cuda:0')
trg_eval: tensor([607, 158,  68, 172, 149,  68, 659, 471, 211,  68, 261, 149,  68, 246,
         68, 607, 659,  68,  82, 152,  68, 607, 158,  68,  19, 349, 543,  68,
        189,  68, 531, 299,  68, 570, 389, 158, 149,  68, 143,  68,  19,  85,
        661], device='cuda:0')
greedy: tensor([68, 81, 68, 70, 68, 68, 68, 68, 68, 68, 68, 68, 68, 68, 68, 68, 68, 68,
        68, 68, 68, 68, 68, 68, 68, 68, 68, 68, 68, 68, 68, 68, 68, 68, 68, 68,
        68, 68, 68, 68, 68, 68, 68, 68, 68, 68, 68, 68, 68, 68, 68, 68, 68, 68,
        68, 68, 68, 68, 68, 68, 68, 68, 68, 68], device='cuda:0')
beam: tensor([[ 68,  68, 221, 106,  68, 140, 550, 550, 211,  26, 188, 402,  68,  68,
          68, 188, 188, 630,  32, 172, 590, 313,  68,  68,  68,  68,  68,  33,
          72, 326,  16,  68,  19]], device='cuda:0')
epoch: 10  completed
trg: tensor([[607, 158,  68,  ..., 550, 339, 661],
        [500,  85, 122,  ..., 659, 659, 659],
        [153,  68, 471,  ..., 659, 659, 659],
        ...,
        [282, 661, 659,  ..., 659, 659, 659],
        [321, 661, 659,  ..., 659, 659, 659],
        [397, 661, 659,  ..., 659, 659, 659]], device='cuda:0')
teacher: tensor([[26, 26, 29,  ..., 29, 26, 29],
        [23, 23,  3,  ...,  3, 23, 32],
        [12, 11, 12,  ..., 24, 11, 24],
        ...,
        [32, 32, 32,  ..., 32, 32, 32],
        [11, 11, 11,  ...,  4, 11, 11],
        [17, 11, 17,  ..., 17, 11, 17]], device='cuda:0')
trg_eval: tensor([607, 158,  68, 172, 149,  68, 211, 471, 211,  68, 261, 149, 659, 246,
         68, 607, 158,  68,  82, 152, 659, 607, 158,  68,  19, 349, 543,  68,
        659,  68, 531, 299,  68, 570, 389, 158, 149,  68, 143,  68,  19,  85,
        661], device='cuda:0')
greedy: tensor([108, 573, 245, 656, 268, 501,   3, 343, 159, 456,  21, 573, 573, 573,
        573, 573, 573, 573, 573, 573, 573, 573, 573, 573, 573, 573, 573, 573,
        573, 573, 573, 573, 573, 573, 573, 573, 573, 573, 573, 573, 573, 573,
        573, 573, 573, 573, 573, 573, 573, 573, 573, 573, 573, 573, 573, 573,
        573, 573, 573, 573, 573, 573, 573, 573], device='cuda:0')
beam: tensor([[108, 573, 245, 656, 268, 501,   3, 343, 159, 456, 282, 245, 656, 427,
          68, 423, 487, 149, 374, 218, 337, 155, 626, 442, 208, 218, 517, 618,
         626, 139, 591, 373, 328]], device='cuda:0')
saving epoch 10
>>> Saving MODEL and VOCAB @ trained_models/rnnsearch/rnnsearch_adam_ep100_labelsmooth0.5_d1111_t1358/ep.10_loss.56.2672.pth <<<
epoch: 11  completed
trg: tensor([[276, 607,  68,  ..., 501, 578, 661],
        [ 63, 210, 107,  ..., 659, 659, 659],
        [ 19,  85,  68,  ..., 659, 659, 659],
        ...,
        [237, 247, 661,  ..., 659, 659, 659],
        [261, 659, 661,  ..., 659, 659, 659],
        [417, 661, 659,  ..., 659, 659, 659]], device='cuda:0')
teacher: tensor([[13, 13, 13,  ..., 13, 13, 13],
        [22, 22, 22,  ..., 22, 22, 22],
        [13, 28, 28,  ..., 28, 28, 28],
        ...,
        [29, 29, 29,  ..., 29, 29, 24],
        [ 4,  3,  3,  ...,  3,  3,  3],
        [18, 18,  9,  ...,  3, 18, 18]], device='cuda:0')
trg_eval: tensor([607, 158,  68, 172, 149,  68, 211, 471, 211,  68, 261, 149,  68, 246,
        659, 607, 158,  68,  82, 152,  68, 607, 158,  68,  19, 349, 543,  68,
        189,  68, 531, 299,  68, 570, 389, 158, 149,  68, 143,  68,  19,  85,
        661], device='cuda:0')
greedy: tensor([661, 491, 487, 158,  26, 661, 149, 661,  68, 158,  68, 230,  32,  67,
        579,  67, 149, 196, 122,  86, 158, 230, 566, 122, 359, 661, 306,  85,
        359,  85, 364, 661,  67, 266, 158, 535,  85, 661, 360, 149,   3, 661,
        554, 158, 118,   3, 661, 470, 313, 165, 579, 579, 579, 579, 579, 579,
        579, 579, 579, 579, 579, 579, 579, 579], device='cuda:0')
beam: tensor([[661]], device='cuda:0')
epoch: 12  completed
trg: tensor([[593, 163,  68,  ..., 384, 211, 661],
        [606, 479,  67,  ..., 659, 659, 659],
        [607, 478,  68,  ..., 659, 659, 659],
        ...,
        [545, 661, 659,  ..., 659, 659, 659],
        [124, 661, 659,  ..., 659, 659, 659],
        [472, 661, 659,  ..., 659, 659, 659]], device='cuda:0')
teacher: tensor([[35, 35, 35,  ...,  3, 35, 35],
        [21, 21, 21,  ..., 21, 33, 19],
        [ 3, 29,  3,  ...,  3, 29, 29],
        ...,
        [ 6,  6,  4,  ...,  6,  6,  6],
        [25, 24, 26,  ..., 24, 26, 25],
        [ 9, 12, 12,  ..., 12, 12, 12]], device='cuda:0')
trg_eval: tensor([607, 158,  68, 172, 149,  68, 211, 471, 211,  68, 261, 149,  68, 246,
         68, 607, 158,  68,  82, 152,  68, 607, 158,  68,  19, 349, 543,  68,
        189,  68, 531, 299, 659, 570, 389, 158, 149,  68, 143,  68,  19, 659,
        661], device='cuda:0')
greedy: tensor([ 86, 563, 175, 146, 599, 591, 359,  40,  16, 359, 588, 359,  92, 211,
        450, 252, 543, 503, 130,  42, 359,  40,  84,  20, 660,  92, 321, 552,
        427, 599, 107, 660, 359, 550, 550, 550, 550, 550, 550, 550, 550, 550,
        550, 550, 550, 550, 550, 550, 550, 550, 550, 550, 550, 550, 550, 550,
        550, 550, 550, 550, 550, 550, 550, 550], device='cuda:0')
beam: tensor([[273, 661, 384, 441, 321, 314,  68, 384, 441, 404, 280, 441, 615, 238,
         280, 359, 399, 459, 550, 461, 487, 312, 588, 487, 493, 211, 179, 588,
         487, 359, 438,  68, 588]], device='cuda:0')
saving epoch 12
>>> Saving MODEL and VOCAB @ trained_models/rnnsearch/rnnsearch_adam_ep100_labelsmooth0.5_d1111_t1358/ep.12_loss.36.4784.pth <<<
epoch: 13  completed
trg: tensor([[339, 551,  68,  ..., 261, 339, 661],
        [659, 339,  68,  ..., 659, 659, 659],
        [503, 189,  68,  ..., 659, 659, 659],
        ...,
        [124, 661, 659,  ..., 659, 659, 659],
        [277, 661, 659,  ..., 659, 659, 659],
        [494, 661, 659,  ..., 659, 659, 659]], device='cuda:0')
teacher: tensor([[17, 17, 17,  ..., 17, 20, 20],
        [30, 30, 30,  ..., 30, 18,  8],
        [29, 29, 34,  ...,  4, 34, 29],
        ...,
        [32, 32, 32,  ..., 32, 32, 32],
        [33, 33,  6,  ..., 33,  6, 33],
        [32, 33, 32,  ..., 32, 32, 32]], device='cuda:0')
trg_eval: tensor([659, 158,  68, 172, 149,  68, 211, 471, 211,  68, 261, 149,  68, 246,
         68, 607, 158,  68,  82, 152,  68, 607, 659,  68,  19, 349, 543,  68,
        189,  68, 531, 299,  68, 570, 389, 158, 149,  68, 143, 659,  19,  85,
        661], device='cuda:0')
greedy: tensor([247, 572, 661, 108, 542, 489,  68, 295, 155, 599, 641,  57, 641, 266,
         50,  57,  24,  67, 502,  67, 266, 502, 266,  67, 502, 342, 266,  50,
        186,  24, 221, 266, 221, 661, 266,  50, 186,  32,  67,  67,  67,  67,
         67,  67,  67,  67,  67,  67,  67,  67,  67,  67,  67,  67,  67,  67,
         67,  67,  67,  67,  67,  67,  67,  67], device='cuda:0')
beam: tensor([[ 26, 155, 416, 661, 310, 122, 557,  18, 266,  50, 656, 221, 531,  67,
         266,  50, 412, 219, 219, 219, 219, 219, 219, 219, 219, 219, 219, 219,
         219, 219, 219, 219, 219]], device='cuda:0')
epoch: 14  completed
trg: tensor([[ 87,  68, 240,  ..., 334, 659, 661],
        [606, 338,  68,  ..., 661, 659, 659],
        [607, 158,  68,  ..., 659, 659, 659],
        ...,
        [ 24, 661, 659,  ..., 659, 659, 659],
        [470, 661, 659,  ..., 659, 659, 659],
        [564, 661, 659,  ..., 659, 659, 659]], device='cuda:0')
teacher: tensor([[ 2,  2,  2,  ...,  2,  2,  2],
        [14, 14, 14,  ..., 14, 14, 14],
        [25, 22, 25,  ..., 25, 25,  8],
        ...,
        [17, 17, 17,  ..., 17, 17, 17],
        [27, 27, 27,  ..., 27, 27, 27],
        [ 5,  5,  5,  ...,  5,  5,  5]], device='cuda:0')
trg_eval: tensor([607, 158,  68, 172, 149,  68, 211, 471, 211,  68, 261, 149,  68, 246,
         68, 607, 158,  68,  82, 152,  68, 607, 158,  68,  19, 349, 543,  68,
        189,  68, 531, 299,  68, 570, 389, 158, 149,  68, 143,  68,  19,  85,
        661], device='cuda:0')
greedy: tensor([152,  68, 197, 152, 390, 189, 405, 661, 246, 514, 199, 661, 246,   3,
         32, 158, 661, 158, 180, 158, 108, 661, 604, 624, 546, 661,  68, 158,
        661, 108,  85, 359,  68,  18,  85,  83, 206,  68,  64, 211, 158, 181,
         60, 259, 604, 412,   1, 189, 661, 158, 661,  91, 622, 346, 500, 299,
        661, 657, 108, 358, 265, 661, 246, 514], device='cuda:0')
beam: tensor([[661, 226,  85, 624,  68, 390, 158, 181,  60, 257, 374,  68, 285, 638,
         497, 661]], device='cuda:0')
saving epoch 14
>>> Saving MODEL and VOCAB @ trained_models/rnnsearch/rnnsearch_adam_ep100_labelsmooth0.5_d1111_t1358/ep.14_loss.23.5195.pth <<<
epoch: 15  completed
trg: tensor([[ 87, 449,  68,  ..., 472, 420, 661],
        [283, 551,  68,  ..., 406, 155, 661],
        [261,  86,  68,  ..., 659, 659, 659],
        ...,
        [446, 158, 661,  ..., 659, 659, 659],
        [  4, 661, 659,  ..., 659, 659, 659],
        [123, 661, 659,  ..., 659, 659, 659]], device='cuda:0')
teacher: tensor([[31, 31, 31,  ..., 31, 31, 31],
        [13, 13, 13,  ..., 13, 13, 13],
        [17, 17, 17,  ..., 27, 17, 17],
        ...,
        [27, 27, 27,  ..., 27, 27, 27],
        [29,  4, 29,  ..., 29, 29, 29],
        [15, 15, 15,  ..., 15, 15, 15]], device='cuda:0')
trg_eval: tensor([607, 158,  68, 172, 149,  68, 211, 471, 211, 659, 261, 149,  68, 246,
         68, 607, 659,  68,  82, 152,  68, 607, 158,  68,  19, 349, 543,  68,
        659,  68, 531, 299,  68, 570, 389, 158, 149,  68, 143,  68,  19,  85,
        661], device='cuda:0')
greedy: tensor([577, 593, 189, 429, 158, 240, 240, 189,  68, 527, 240, 158, 240, 240,
        240, 240, 240, 240, 240, 240, 240, 240, 240, 240, 240, 240, 240, 240,
        240, 240, 240, 240, 240, 240, 240, 240, 240, 240, 240, 240, 240, 240,
        240, 240, 240, 240, 240, 240, 240, 240, 240, 240, 240, 240, 240, 240,
        240, 240, 240, 240, 240, 240, 240, 240], device='cuda:0')
beam: tensor([[189,  68,  58, 245, 342, 189,  68, 169,  68, 189, 113, 389, 238,  68,
         270, 518, 554,  65,  60, 100, 364,  67, 547, 591,  10,  67,  57, 148,
          68, 240,  13, 614, 305]], device='cuda:0')
epoch: 16  completed
trg: tensor([[261,  86,  68,  ..., 607, 170, 661],
        [ 19,  85,  68,  ...,  85, 661, 659],
        [503, 189,  68,  ..., 659, 659, 659],
        ...,
        [629, 661, 659,  ..., 659, 659, 659],
        [283, 661, 659,  ..., 659, 659, 659],
        [397, 661, 659,  ..., 659, 659, 659]], device='cuda:0')
teacher: tensor([[18, 18, 18,  ..., 18, 18, 18],
        [21, 21, 21,  ..., 21, 21, 21],
        [ 3, 25, 25,  ..., 25, 25, 25],
        ...,
        [19, 19, 19,  ..., 19, 19, 19],
        [15, 15, 15,  ..., 15, 15, 15],
        [10, 10, 10,  ..., 10, 10, 10]], device='cuda:0')
trg_eval: tensor([607, 158,  68, 172, 149,  68, 211, 471, 211,  68, 261, 149,  68, 246,
         68, 607, 158,  68,  82, 152,  68, 607, 158,  68,  19, 349, 543,  68,
        189,  68, 531, 299,  68, 570, 389, 158, 149,  68, 143,  68,  19,  85,
        661], device='cuda:0')
greedy: tensor([661, 425, 277, 258, 124,  68, 389, 389, 509,  81, 149, 661, 509, 107,
        596,  81,  68,  68,  68,  68,  68,  68,  68,  68,  68,  68,  68,  68,
         68,  68,  68,  68,  68,  68,  68,  68,  68,  68,  68,  68,  68,  68,
         68,  68,  68,  68,  68,  68,  68,  68,  68,  68,  68,  68,  68,  68,
         68,  68,  68,  68,  68,  68,  68,  68], device='cuda:0')
beam: tensor([[661]], device='cuda:0')
saving epoch 16
>>> Saving MODEL and VOCAB @ trained_models/rnnsearch/rnnsearch_adam_ep100_labelsmooth0.5_d1111_t1358/ep.16_loss.21.3596.pth <<<