Start reading and get iterators 
Adam (
Parameter Group 0
    amsgrad: False
    betas: (0.9, 0.999)
    eps: 1e-08
    lr: 0.3
    weight_decay: 0
)
CELoss()
{'N': 6,
 '_training': True,
 'batchsize': 128,
 'beamsize': 4,
 'ckpt_path': PosixPath('trained_models'),
 'd_ff': 2048,
 'd_model': 512,
 'dataroot': PosixPath('data'),
 'debug': False,
 'device': 'cuda',
 'dropout': 0.3,
 'dropout_tr': 0.1,
 'eps': 1e-08,
 'factor': 0.5,
 'factor_tr': 2,
 'h': 8,
 'heu_penalty': -0.1,
 'hidden_size': 256,
 'label_smoothing': 0.2,
 'learning_rate': 0.3,
 'log_cmd': False,
 'log_path': 'log/seq2seq_adam_ep100_labelsmooth0.2_d1109_t2132',
 'lr_tr': 0,
 'lrschedule': 'rop',
 'max_epochs': 100,
 'metrics': ['bleu', 'meteor', 'cider', 'rouge'],
 'min_lr': 1e-07,
 'mode': 'min',
 'model': 'seq2seq',
 'optimizer': 'adam',
 'patience': 1,
 'pretrained_ep': -1,
 'save_every': 2,
 'threshold': 0.01,
 'threshold_mode': 'rel',
 'warmup': 4000,
 'word_drop': 0.05}
SOS, EOS, PAD tokens are as follows: (660, 661, 659)
MAX and MIN tokens = 658, 0
epoch: 1  completed
trg: tensor([[339, 551,   0,  ...,  68, 331, 661],
        [276,  84,   0,  ..., 659, 659, 659],
        [231,  51,  86,  ..., 659, 659, 659],
        ...,
        [617, 149, 661,  ..., 659, 659, 659],
        [283, 661, 659,  ..., 659, 659, 659],
        [144, 661, 659,  ..., 659, 659, 659]], device='cuda:0')
teacher: tensor([[ 2, 54, 54,  ..., 54,  5, 54],
        [18, 29, 35,  ...,  5,  5, 35],
        [12, 32, 31,  ..., 32, 18, 31],
        ...,
        [10,  1,  2,  ...,  2, 54,  2],
        [37,  1,  1,  ...,  1, 52,  1],
        [ 4,  1,  1,  ...,  1,  7,  1]], device='cuda:0')
trg_eval: tensor([[607, 158,  68,  ...,   0,  85, 661],
        [607, 158,  68,  ..., 661, 659, 659],
        [607, 158,  68,  ..., 659, 659, 659],
        ...,
        [ 64, 211, 108,  ..., 659, 659, 659],
        [147, 570, 389,  ..., 659, 659, 659],
        [189,  68, 559,  ..., 659, 659, 659]], device='cuda:0')
greedy: tensor([660, 660, 660, 660, 660, 660, 660, 660, 660, 660, 660, 660, 660, 660,
        660, 660, 660, 660, 660, 660, 660, 660, 660, 660, 660, 660, 660, 660,
        660, 660, 660, 660, 660, 660, 660, 660, 660, 660, 660, 660, 660, 660,
        660, 660, 660, 660, 660, 660, 660, 660, 660, 660, 660, 660, 660, 660,
        660, 660, 660, 660, 660, 660, 660, 660, 660, 660, 660, 660, 660, 660,
        660, 660, 660, 660, 660, 660, 660, 660, 660, 660, 660, 660, 660, 660,
        660, 660, 660, 660, 660, 660, 660, 660, 660, 660, 660, 660, 660, 660,
        660, 660, 660, 660, 660], device='cuda:0')
beam: tensor([[236, 365,  20, 604, 265, 365, 312, 333,  20,  88,  88,  88,  88,  88,
          88,  88,  88,  88,  88,  88,  88,  88,  88,  88,  88,  88,  88,  88,
          88,  88,  88,  88,  88,  88,  88,  88,  88,  88,  88,  88,  88,  88,
          88,  88,  88,  88,  88,  88,  88,  88,  88,  88,  88,  88,  88,  88,
          88,  88,  88,  88,  88,  88,  88,  88,  88,  88,  88,  88,  88,  88,
          88,  88,  88,  88,  88,  88,  88,  88,  88,  88,  88,  88,  88,  88,
          88,  88,  88,  88,  88,  88,  88,  88,  88,  88,  88,  88,  88,  88,
          88,  88,  88,  88,  88]], device='cuda:0')
epoch: 2  completed
trg: tensor([[ 43, 158,   0,  ...,  68, 517, 661],
        [370,  68,   5,  ..., 659, 659, 659],
        [503, 189,  68,  ..., 659, 659, 659],
        ...,
        [179, 661, 659,  ..., 659, 659, 659],
        [ 24, 661, 659,  ..., 659, 659, 659],
        [331, 661, 659,  ..., 659, 659, 659]], device='cuda:0')
teacher: tensor([[ 2,  0,  9,  ..., 28,  0, 30],
        [ 0, 23, 12,  ..., 18, 21, 26],
        [ 7, 27, 21,  ..., 12, 22, 23],
        ...,
        [21, 26,  0,  ...,  0,  1,  1],
        [ 0, 22, 30,  ...,  1,  3,  1],
        [ 0,  6,  3,  ...,  1,  0,  1]], device='cuda:0')
trg_eval: tensor([[607, 158,  68,  ...,  19,  85, 661],
        [607, 158,  68,  ..., 661, 659, 659],
        [607, 158,  68,  ..., 659, 659, 659],
        ...,
        [ 64, 211, 108,  ..., 659, 659, 659],
        [147, 570, 389,  ..., 659, 659, 659],
        [189,  68, 559,  ..., 659, 659, 659]], device='cuda:0')
greedy: tensor([660, 660, 660, 660, 660, 660, 660, 660, 660, 660, 660, 660, 660, 660,
        660, 660, 660, 660, 660, 660, 660, 660, 660, 660, 660, 660, 660, 660,
        660, 660, 660, 660, 660, 660, 660, 660, 660, 660, 660, 660, 660, 660,
        660, 660, 660, 660, 660, 660, 660, 660, 660, 660, 660, 660, 660, 660,
        660, 660, 660, 660, 660, 660, 660, 660, 660, 660, 660, 660, 660, 660,
        660, 660, 660, 660, 660, 660, 660, 660, 660, 660, 660, 660, 660, 660,
        660, 660, 660, 660, 660, 660, 660, 660, 660, 660, 660, 660, 660, 660,
        660, 660, 660, 660, 660], device='cuda:0')
beam: tensor([[660, 660, 660, 660, 660, 660, 660, 660, 660, 660, 660, 660, 660, 660,
         660, 660, 660, 660, 660, 660, 660, 660, 660, 660, 660, 660, 660, 660,
         660, 660, 660, 660, 660, 660, 660, 660, 660, 660, 660, 660, 660, 660,
         660, 660, 660, 660, 660, 660, 660, 660, 660, 660, 660, 660, 660, 660,
         660, 660, 660, 660, 660, 660, 660, 660, 660, 660, 660, 660, 660, 660,
         660, 660, 660, 660, 660, 660, 660, 660, 660, 660, 660, 660, 660, 660,
         660, 660, 660, 660, 660, 660, 660, 660, 660, 660, 660, 660, 660, 660,
         660, 660, 660, 660, 660]], device='cuda:0')
saving epoch 2
>>> Saving MODEL and VOCAB @ trained_models/seq2seq/seq2seq_adam_ep100_labelsmooth0.2_d1109_t2132/ep.2_loss.24.8054.pth <<<
epoch: 3  completed
trg: tensor([[231,  51,  86,  ...,  68, 624, 661],
        [606, 478,  68,  ..., 659, 659, 659],
        [370,  68,   5,  ..., 659, 659, 659],
        ...,
        [447, 189, 661,  ..., 659, 659, 659],
        [517, 623, 661,  ..., 659, 659, 659],
        [ 65, 152, 661,  ..., 659, 659, 659]], device='cuda:0')
teacher: tensor([[22, 34, 33,  ..., 42, 33, 44],
        [ 6,  0, 15,  ...,  9, 26, 14],
        [11,  0, 25,  ..., 11,  2, 25],
        ...,
        [ 0,  0,  2,  ..., 12,  0,  2],
        [ 0,  0,  1,  ...,  1,  0,  2],
        [27,  0,  0,  ...,  4,  0,  2]], device='cuda:0')
trg_eval: tensor([[607, 158,  68,  ...,  19,  85, 661],
        [607, 158,  68,  ..., 661, 659, 659],
        [607, 158,  68,  ..., 659, 659, 659],
        ...,
        [ 64, 211, 108,  ..., 659, 659, 659],
        [147, 570, 389,  ..., 659, 659, 659],
        [189,  68, 559,  ..., 659, 659, 659]], device='cuda:0')
greedy: tensor([660, 660, 660, 660, 660, 660, 660, 660, 660, 660, 660, 660, 660, 660,
        660, 660, 660, 660, 660, 660, 660, 660, 660, 660, 660, 660, 660, 660,
        660, 660, 660, 660, 660, 660, 660, 660, 660, 660, 660, 660, 660, 660,
        660, 660, 660, 660, 660, 660, 660, 660, 660, 660, 660, 660, 660, 660,
        660, 660, 660, 660, 660, 660, 660, 660, 660, 660, 660, 660, 660, 660,
        660, 660, 660, 660, 660, 660, 660, 660, 660, 660, 660, 660, 660, 660,
        660, 660, 660, 660, 660, 660, 660, 660, 660, 660, 660, 660, 660, 660,
        660, 660, 660, 660, 660], device='cuda:0')
beam: tensor([[538, 538, 538, 538, 538, 538, 538, 538, 538, 538, 538, 538, 538, 538,
         538, 538, 538, 538, 538, 538, 538, 538, 538, 538, 538, 538, 538, 538,
         538, 538, 538, 538, 538, 538, 538, 538, 538, 538, 538, 538, 538, 538,
         538, 538, 538, 538, 538, 538, 538, 538, 538, 538, 538, 538, 538, 538,
         538, 538, 538, 538, 538, 538, 538, 538, 538, 538, 538, 538, 538, 538,
         538, 538, 538, 538, 538, 538, 538, 538, 538, 538, 538, 538, 538, 538,
         538, 538, 538, 538, 538, 538, 538, 538, 538, 538, 538, 538, 538, 538,
         538, 538, 538, 538, 538]], device='cuda:0')
epoch: 4  completed
trg: tensor([[370,  68,   5,  ..., 487, 359, 661],
        [607, 479,  68,  ..., 213, 660, 659],
        [  0,  86,  68,  ..., 659, 659, 659],
        ...,
        [505, 661, 659,  ..., 659, 659, 659],
        [253, 661, 659,  ..., 659, 659, 659],
        [448, 661, 659,  ..., 659, 659, 659]], device='cuda:0')
teacher: tensor([[13, 14, 17,  ...,  9,  2, 31],
        [12, 27, 24,  ...,  6, 30, 27],
        [ 0, 18, 12,  ..., 16, 16, 26],
        ...,
        [ 2, 11,  6,  ...,  6,  1,  1],
        [ 0, 21,  0,  ..., 26,  2,  1],
        [23, 23, 25,  ...,  2, 14,  1]], device='cuda:0')